2025-05-17 11:57:27.202 [main] WARN  com.alibaba.nacos.client.logging.NacosLogging - Load Logback Configuration of Nacos fail, message: Could not initialize Logback Nacos logging from classpath:nacos-logback.xml
2025-05-17 11:57:27.232 [main] WARN  com.alibaba.nacos.client.logging.NacosLogging - Load Logback Configuration of Nacos fail, message: Could not initialize Logback Nacos logging from classpath:nacos-logback.xml
2025-05-17 11:57:27.338 [main] WARN  com.alibaba.nacos.client.logging.NacosLogging - Load Logback Configuration of Nacos fail, message: Could not initialize Logback Nacos logging from classpath:nacos-logback.xml
2025-05-17 11:57:27.339 [main] INFO  com.alibaba.nacos.client.utils.ParamUtil - [settings] [req-serv] nacos-server port:8848
2025-05-17 11:57:27.339 [main] INFO  com.alibaba.nacos.client.utils.ParamUtil - [settings] [http-client] connect timeout:1000
2025-05-17 11:57:27.339 [main] INFO  com.alibaba.nacos.client.utils.ParamUtil - PER_TASK_CONFIG_SIZE: 3000.0
2025-05-17 11:57:27.350 [main] INFO  c.a.n.p.auth.spi.client.ClientAuthPluginManager - [ClientAuthPluginManager] Load ClientAuthService com.alibaba.nacos.client.auth.impl.NacosClientAuthServiceImpl success.
2025-05-17 11:57:27.350 [main] INFO  c.a.n.p.auth.spi.client.ClientAuthPluginManager - [ClientAuthPluginManager] Load ClientAuthService com.alibaba.nacos.client.auth.ram.RamClientAuthServiceImpl success.
2025-05-17 11:57:27.367 [main] INFO  c.a.n.client.auth.ram.identify.CredentialWatcher - null No credential found
2025-05-17 11:57:27.424 [main] WARN  com.alibaba.nacos.client.logging.NacosLogging - Load Logback Configuration of Nacos fail, message: Could not initialize Logback Nacos logging from classpath:nacos-logback.xml
2025-05-17 11:57:27.430 [main] INFO  c.a.n.client.config.impl.LocalConfigInfoProcessor - LOCAL_SNAPSHOT_PATH:/Users/yuenlil/nacos/config
2025-05-17 11:57:27.432 [main] INFO  com.alibaba.nacos.common.remote.client - [RpcClientFactory] create a new rpc client of b84144af-256c-429a-840d-56745b1b4a5f_config-0
2025-05-17 11:57:27.439 [main] INFO  com.alibaba.nacos.common.remote.client - [b84144af-256c-429a-840d-56745b1b4a5f_config-0] Register server push request handler:com.alibaba.nacos.client.config.impl.ClientWorker$ConfigRpcTransportClient$$Lambda$585/0x0000007001398670
2025-05-17 11:57:27.439 [main] INFO  com.alibaba.nacos.common.remote.client - [b84144af-256c-429a-840d-56745b1b4a5f_config-0] Register server push request handler:com.alibaba.nacos.client.config.impl.ClientWorker$ConfigRpcTransportClient$$Lambda$586/0x0000007001398aa0
2025-05-17 11:57:27.439 [main] INFO  com.alibaba.nacos.common.remote.client - [b84144af-256c-429a-840d-56745b1b4a5f_config-0] Registry connection listener to current client:com.alibaba.nacos.client.config.impl.ClientWorker$ConfigRpcTransportClient$1
2025-05-17 11:57:27.439 [main] INFO  com.alibaba.nacos.common.remote.client - [b84144af-256c-429a-840d-56745b1b4a5f_config-0] RpcClient init, ServerListFactory = com.alibaba.nacos.client.config.impl.ClientWorker$ConfigRpcTransportClient$2
2025-05-17 11:57:27.445 [main] INFO  com.alibaba.nacos.common.remote.client - [b84144af-256c-429a-840d-56745b1b4a5f_config-0] Try to connect to server on start up, server: {serverIp = '117.72.111.42', server main port = 8848}
2025-05-17 11:57:27.461 [main] INFO  c.a.nacos.common.remote.client.grpc.GrpcClient - grpc client connection server:117.72.111.42 ip,serverPort:9848,grpcTslConfig:{"sslProvider":"OPENSSL","enableTls":false,"mutualAuthEnable":false,"trustAll":false}
2025-05-17 11:57:28.579 [main] INFO  com.alibaba.nacos.common.remote.client - [b84144af-256c-429a-840d-56745b1b4a5f_config-0] Success to connect to server [117.72.111.42:8848] on start up, connectionId = 1747454247997_111.187.106.128_34516
2025-05-17 11:57:28.580 [com.alibaba.nacos.client.remote.worker] INFO  com.alibaba.nacos.common.remote.client - [b84144af-256c-429a-840d-56745b1b4a5f_config-0] Notify connected event to listeners.
2025-05-17 11:57:28.580 [main] INFO  com.alibaba.nacos.common.remote.client - [b84144af-256c-429a-840d-56745b1b4a5f_config-0] Register server push request handler:com.alibaba.nacos.common.remote.client.RpcClient$ConnectResetRequestHandler
2025-05-17 11:57:28.580 [com.alibaba.nacos.client.remote.worker] INFO  com.alibaba.nacos.client.config.impl.ClientWorker - [b84144af-256c-429a-840d-56745b1b4a5f_config-0] Connected,notify listen context...
2025-05-17 11:57:28.580 [main] INFO  com.alibaba.nacos.common.remote.client - [b84144af-256c-429a-840d-56745b1b4a5f_config-0] Register server push request handler:com.alibaba.nacos.common.remote.client.RpcClient$$Lambda$606/0x00000070014eeb30
2025-05-17 11:57:28.600 [main] INFO  com.alibaba.nacos.client.config.impl.Limiter - limitTime:5.0
2025-05-17 11:57:28.866 [main] INFO  com.alibaba.nacos.client.config.utils.JvmUtil - isMultiInstance:false
2025-05-17 11:57:29.145 [main] WARN  c.a.cloud.nacos.client.NacosPropertySourceBuilder - Ignore the empty nacos configuration and get it based on dataId[airrowing-auth.yaml] & group[DEFAULT_GROUP]
2025-05-17 11:57:29.430 [main] WARN  c.a.cloud.nacos.client.NacosPropertySourceBuilder - Ignore the empty nacos configuration and get it based on dataId[airrowing-auth-dev.yaml] & group[DEFAULT_GROUP]
2025-05-17 11:57:29.431 [main] INFO  o.s.c.b.c.PropertySourceBootstrapConfiguration - Located property source: [BootstrapPropertySource {name='bootstrapProperties-airrowing-auth-dev.yaml,DEFAULT_GROUP'}, BootstrapPropertySource {name='bootstrapProperties-airrowing-auth.yaml,DEFAULT_GROUP'}, BootstrapPropertySource {name='bootstrapProperties-airrowing-auth,DEFAULT_GROUP'}]
2025-05-17 11:57:29.437 [main] WARN  com.alibaba.nacos.client.logging.NacosLogging - Load Logback Configuration of Nacos fail, message: Could not initialize Logback Nacos logging from classpath:nacos-logback.xml
2025-05-17 11:57:29.437 [main] INFO  c.tongji.airrowing.auth.AirrowingAuthApplication - The following 1 profile is active: "dev"
2025-05-17 11:57:29.852 [main] INFO  o.s.d.r.config.RepositoryConfigurationDelegate - Multiple Spring Data modules found, entering strict repository configuration mode
2025-05-17 11:57:29.854 [main] INFO  o.s.d.r.config.RepositoryConfigurationDelegate - Bootstrapping Spring Data Redis repositories in DEFAULT mode.
2025-05-17 11:57:29.866 [main] INFO  o.s.d.r.config.RepositoryConfigurationDelegate - Finished Spring Data repository scanning in 4 ms. Found 0 Redis repository interfaces.
2025-05-17 11:57:29.945 [main] INFO  o.springframework.cloud.context.scope.GenericScope - BeanFactory id=4ef6efb1-5c78-3975-9bba-8452e44e0797
2025-05-17 11:57:29.955 [main] INFO  o.s.c.s.PostProcessorRegistrationDelegate$BeanPostProcessorChecker - Bean 'com.tongji.airrowing.user.api.UserFeignApi' of type [org.springframework.cloud.openfeign.FeignClientFactoryBean] is not eligible for getting processed by all BeanPostProcessors (for example: not eligible for auto-proxying)
2025-05-17 11:57:30.172 [main] INFO  o.s.boot.web.embedded.tomcat.TomcatWebServer - Tomcat initialized with port(s): 7080 (http)
2025-05-17 11:57:30.180 [main] INFO  org.apache.catalina.core.StandardService - Starting service [Tomcat]
2025-05-17 11:57:30.180 [main] INFO  org.apache.catalina.core.StandardEngine - Starting Servlet engine: [Apache Tomcat/10.1.5]
2025-05-17 11:57:30.224 [main] INFO  o.a.c.core.ContainerBase.[Tomcat].[localhost].[/] - Initializing Spring embedded WebApplicationContext
2025-05-17 11:57:30.224 [main] INFO  o.s.b.w.s.c.ServletWebServerApplicationContext - Root WebApplicationContext: initialization completed in 781 ms
2025-05-17 11:57:30.495 [main] INFO  o.s.cloud.openfeign.FeignClientFactoryBean - For 'airrowing-user' URL not provided. Will try picking an instance via load-balancing.
2025-05-17 11:57:30.833 [main] WARN  o.s.c.l.c.LoadBalancerCacheAutoConfiguration$LoadBalancerCaffeineWarnLogger - Spring Cloud LoadBalancer is currently working with the default cache. While this cache implementation is useful for development and tests, it's recommended to use Caffeine cache in production.You can switch to using Caffeine cache, by adding it and org.springframework.cache.caffeine.CaffeineCacheManager to the classpath.
2025-05-17 11:57:30.874 [main] INFO  o.s.boot.web.embedded.tomcat.TomcatWebServer - Tomcat started on port(s): 7080 (http) with context path ''
2025-05-17 11:57:30.876 [main] INFO  com.alibaba.nacos.client.naming - initializer namespace from ans.namespace attribute : null
2025-05-17 11:57:30.876 [main] INFO  com.alibaba.nacos.client.naming - initializer namespace from ALIBABA_ALIWARE_NAMESPACE attribute :null
2025-05-17 11:57:30.876 [main] INFO  com.alibaba.nacos.client.naming - initializer namespace from namespace attribute :null
2025-05-17 11:57:30.883 [main] INFO  c.a.n.p.auth.spi.client.ClientAuthPluginManager - [ClientAuthPluginManager] Load ClientAuthService com.alibaba.nacos.client.auth.impl.NacosClientAuthServiceImpl success.
2025-05-17 11:57:30.884 [main] INFO  c.a.n.p.auth.spi.client.ClientAuthPluginManager - [ClientAuthPluginManager] Load ClientAuthService com.alibaba.nacos.client.auth.ram.RamClientAuthServiceImpl success.
2025-05-17 11:57:30.888 [main] INFO  com.alibaba.nacos.common.remote.client - [RpcClientFactory] create a new rpc client of ab85ef3e-84b4-48ce-b6f5-4fdd616be778
2025-05-17 11:57:30.889 [main] INFO  com.alibaba.nacos.common.remote.client - [ab85ef3e-84b4-48ce-b6f5-4fdd616be778] RpcClient init, ServerListFactory = com.alibaba.nacos.client.naming.core.ServerListManager
2025-05-17 11:57:30.889 [main] INFO  com.alibaba.nacos.common.remote.client - [ab85ef3e-84b4-48ce-b6f5-4fdd616be778] Registry connection listener to current client:com.alibaba.nacos.client.naming.remote.gprc.redo.NamingGrpcRedoService
2025-05-17 11:57:30.890 [main] INFO  com.alibaba.nacos.common.remote.client - [ab85ef3e-84b4-48ce-b6f5-4fdd616be778] Register server push request handler:com.alibaba.nacos.client.naming.remote.gprc.NamingPushRequestHandler
2025-05-17 11:57:30.891 [main] INFO  com.alibaba.nacos.common.remote.client - [ab85ef3e-84b4-48ce-b6f5-4fdd616be778] Try to connect to server on start up, server: {serverIp = '117.72.111.42', server main port = 8848}
2025-05-17 11:57:30.891 [main] INFO  c.a.nacos.common.remote.client.grpc.GrpcClient - grpc client connection server:117.72.111.42 ip,serverPort:9848,grpcTslConfig:{"sslProvider":"OPENSSL","enableTls":false,"mutualAuthEnable":false,"trustAll":false}
2025-05-17 11:57:31.094 [main] INFO  com.alibaba.nacos.common.remote.client - [ab85ef3e-84b4-48ce-b6f5-4fdd616be778] Success to connect to server [117.72.111.42:8848] on start up, connectionId = 1747454250987_111.187.106.128_34518
2025-05-17 11:57:31.095 [main] INFO  com.alibaba.nacos.common.remote.client - [ab85ef3e-84b4-48ce-b6f5-4fdd616be778] Register server push request handler:com.alibaba.nacos.common.remote.client.RpcClient$ConnectResetRequestHandler
2025-05-17 11:57:31.095 [com.alibaba.nacos.client.remote.worker] INFO  com.alibaba.nacos.common.remote.client - [ab85ef3e-84b4-48ce-b6f5-4fdd616be778] Notify connected event to listeners.
2025-05-17 11:57:31.095 [main] INFO  com.alibaba.nacos.common.remote.client - [ab85ef3e-84b4-48ce-b6f5-4fdd616be778] Register server push request handler:com.alibaba.nacos.common.remote.client.RpcClient$$Lambda$606/0x00000070014eeb30
2025-05-17 11:57:31.095 [com.alibaba.nacos.client.remote.worker] INFO  com.alibaba.nacos.client.naming - Grpc connection connect
2025-05-17 11:57:31.096 [main] INFO  com.alibaba.nacos.client.naming - [REGISTER-SERVICE] airrowing registering service airrowing-auth with instance Instance{instanceId='null', ip='100.81.163.95', port=7080, weight=1.0, healthy=true, enabled=true, ephemeral=true, clusterName='DEFAULT', serviceName='null', metadata={IPv6=[2001:da8:8002:6bd1:59f3:3f7b:9786:4b2e], preserved.register.source=SPRING_CLOUD}}
2025-05-17 11:57:31.355 [main] INFO  c.a.cloud.nacos.registry.NacosServiceRegistry - nacos registry, DEFAULT_GROUP airrowing-auth 100.81.163.95:7080 register finished
2025-05-17 11:57:31.366 [main] INFO  c.tongji.airrowing.auth.AirrowingAuthApplication - Started AirrowingAuthApplication in 4.358 seconds (process running for 4.559)
2025-05-17 11:57:31.368 [main] INFO  com.alibaba.nacos.client.config.impl.CacheData - nacos.cache.data.init.snapshot = true 
2025-05-17 11:57:31.368 [main] INFO  com.alibaba.nacos.client.config.impl.ClientWorker - [fixed-airrowing-117.72.111.42_8848] [subscribe] airrowing-auth-dev.yaml+DEFAULT_GROUP+airrowing
2025-05-17 11:57:31.371 [main] INFO  com.alibaba.nacos.client.config.impl.CacheData - [fixed-airrowing-117.72.111.42_8848] [add-listener] ok, tenant=airrowing, dataId=airrowing-auth-dev.yaml, group=DEFAULT_GROUP, cnt=1
2025-05-17 11:57:31.371 [main] INFO  c.a.cloud.nacos.refresh.NacosContextRefresher - [Nacos Config] Listening config: dataId=airrowing-auth-dev.yaml, group=DEFAULT_GROUP
2025-05-17 11:57:31.371 [main] INFO  com.alibaba.nacos.client.config.impl.ClientWorker - [fixed-airrowing-117.72.111.42_8848] [subscribe] airrowing-auth.yaml+DEFAULT_GROUP+airrowing
2025-05-17 11:57:31.371 [main] INFO  com.alibaba.nacos.client.config.impl.CacheData - [fixed-airrowing-117.72.111.42_8848] [add-listener] ok, tenant=airrowing, dataId=airrowing-auth.yaml, group=DEFAULT_GROUP, cnt=1
2025-05-17 11:57:31.371 [main] INFO  c.a.cloud.nacos.refresh.NacosContextRefresher - [Nacos Config] Listening config: dataId=airrowing-auth.yaml, group=DEFAULT_GROUP
2025-05-17 11:57:31.372 [main] INFO  com.alibaba.nacos.client.config.impl.ClientWorker - [fixed-airrowing-117.72.111.42_8848] [subscribe] airrowing-auth+DEFAULT_GROUP+airrowing
2025-05-17 11:57:31.372 [main] INFO  com.alibaba.nacos.client.config.impl.CacheData - [fixed-airrowing-117.72.111.42_8848] [add-listener] ok, tenant=airrowing, dataId=airrowing-auth, group=DEFAULT_GROUP, cnt=1
2025-05-17 11:57:31.372 [main] INFO  c.a.cloud.nacos.refresh.NacosContextRefresher - [Nacos Config] Listening config: dataId=airrowing-auth, group=DEFAULT_GROUP
2025-05-17 12:01:29.663 [Thread-2] WARN  c.alibaba.nacos.common.http.HttpClientBeanHolder - [HttpClientBeanHolder] Start destroying common HttpClient
2025-05-17 12:01:29.663 [Thread-9] WARN  com.alibaba.nacos.common.notify.NotifyCenter - [NotifyCenter] Start destroying Publisher
2025-05-17 12:01:29.664 [Thread-9] WARN  com.alibaba.nacos.common.notify.NotifyCenter - [NotifyCenter] Destruction of the end
2025-05-17 12:01:29.667 [Thread-2] WARN  c.alibaba.nacos.common.http.HttpClientBeanHolder - [HttpClientBeanHolder] Destruction of the end
2025-05-17 12:01:30.700 [SpringApplicationShutdownHook] INFO  c.a.cloud.nacos.registry.NacosServiceRegistry - De-registering from Nacos Server now...
2025-05-17 12:01:30.700 [SpringApplicationShutdownHook] INFO  com.alibaba.nacos.client.naming - [DEREGISTER-SERVICE] airrowing deregistering service airrowing-auth with instance: Instance{instanceId='null', ip='100.81.163.95', port=7080, weight=1.0, healthy=true, enabled=true, ephemeral=true, clusterName='DEFAULT', serviceName='null', metadata={}}
2025-05-17 12:01:30.735 [SpringApplicationShutdownHook] INFO  c.a.cloud.nacos.registry.NacosServiceRegistry - De-registration finished.
2025-05-17 12:01:30.736 [SpringApplicationShutdownHook] INFO  com.alibaba.nacos.client.naming - com.alibaba.nacos.client.naming.cache.ServiceInfoHolder do shutdown begin
2025-05-17 12:01:30.736 [SpringApplicationShutdownHook] INFO  com.alibaba.nacos.client.naming - com.alibaba.nacos.client.naming.backups.FailoverReactor do shutdown begin
2025-05-17 12:01:30.736 [SpringApplicationShutdownHook] INFO  com.alibaba.nacos.client.naming - com.alibaba.nacos.client.naming.backups.FailoverReactor do shutdown stop
2025-05-17 12:01:30.736 [SpringApplicationShutdownHook] INFO  com.alibaba.nacos.client.naming - com.alibaba.nacos.client.naming.cache.ServiceInfoHolder do shutdown stop
2025-05-17 12:01:30.736 [SpringApplicationShutdownHook] INFO  com.alibaba.nacos.client.naming - com.alibaba.nacos.client.naming.remote.NamingClientProxyDelegate do shutdown begin
2025-05-17 12:01:30.736 [SpringApplicationShutdownHook] INFO  com.alibaba.nacos.client.naming - com.alibaba.nacos.client.naming.core.ServiceInfoUpdateService do shutdown begin
2025-05-17 12:01:30.736 [SpringApplicationShutdownHook] INFO  com.alibaba.nacos.client.naming - com.alibaba.nacos.client.naming.core.ServiceInfoUpdateService do shutdown stop
2025-05-17 12:01:30.737 [SpringApplicationShutdownHook] INFO  com.alibaba.nacos.client.naming - com.alibaba.nacos.client.naming.core.ServerListManager do shutdown begin
2025-05-17 12:01:30.737 [SpringApplicationShutdownHook] WARN  com.alibaba.nacos.client.naming - [NamingHttpClientManager] Start destroying NacosRestTemplate
2025-05-17 12:01:30.737 [SpringApplicationShutdownHook] WARN  com.alibaba.nacos.client.naming - [NamingHttpClientManager] Destruction of the end
2025-05-17 12:01:30.737 [SpringApplicationShutdownHook] INFO  com.alibaba.nacos.client.naming - com.alibaba.nacos.client.naming.core.ServerListManager do shutdown stop
2025-05-17 12:01:30.737 [SpringApplicationShutdownHook] INFO  com.alibaba.nacos.client.naming - com.alibaba.nacos.client.naming.remote.http.NamingHttpClientProxy do shutdown begin
2025-05-17 12:01:30.737 [SpringApplicationShutdownHook] WARN  com.alibaba.nacos.client.naming - [NamingHttpClientManager] Start destroying NacosRestTemplate
2025-05-17 12:01:30.737 [SpringApplicationShutdownHook] WARN  com.alibaba.nacos.client.naming - [NamingHttpClientManager] Destruction of the end
2025-05-17 12:01:30.737 [SpringApplicationShutdownHook] INFO  com.alibaba.nacos.client.naming - com.alibaba.nacos.client.naming.remote.http.NamingHttpClientProxy do shutdown stop
2025-05-17 12:01:30.737 [SpringApplicationShutdownHook] INFO  com.alibaba.nacos.common.remote.client - Shutdown rpc client, set status to shutdown
2025-05-17 12:01:30.738 [SpringApplicationShutdownHook] INFO  com.alibaba.nacos.common.remote.client - Shutdown client event executor java.util.concurrent.ScheduledThreadPoolExecutor@2258341f[Running, pool size = 2, active threads = 2, queued tasks = 0, completed tasks = 0]
2025-05-17 12:01:30.738 [SpringApplicationShutdownHook] INFO  com.alibaba.nacos.common.remote.client - Close current connection 1747454250987_111.187.106.128_34518
2025-05-17 12:01:30.748 [nacos-grpc-client-executor-117.72.111.42-98] WARN  c.a.nacos.common.remote.client.grpc.GrpcClient - [1747454250987_111.187.106.128_34518]Ignore error event,isRunning:false,isAbandon=false
2025-05-17 12:01:30.750 [SpringApplicationShutdownHook] INFO  c.a.nacos.common.remote.client.grpc.GrpcClient - Shutdown grpc executor java.util.concurrent.ThreadPoolExecutor@586a9c6d[Running, pool size = 6, active threads = 0, queued tasks = 0, completed tasks = 99]
2025-05-17 12:01:30.750 [SpringApplicationShutdownHook] INFO  com.alibaba.nacos.client.naming - Shutdown grpc redo service executor java.util.concurrent.ScheduledThreadPoolExecutor@1d94878[Running, pool size = 1, active threads = 0, queued tasks = 1, completed tasks = 79]
2025-05-17 12:01:30.751 [SpringApplicationShutdownHook] INFO  c.a.n.client.auth.ram.identify.CredentialWatcher - [null] CredentialWatcher is stopped
2025-05-17 12:01:30.751 [SpringApplicationShutdownHook] INFO  c.a.n.client.auth.ram.identify.CredentialService - [null] CredentialService is freed
2025-05-17 12:01:30.751 [SpringApplicationShutdownHook] INFO  com.alibaba.nacos.client.naming - com.alibaba.nacos.client.naming.remote.NamingClientProxyDelegate do shutdown stop
