2025-02-28 20:57:47.188 [main] WARN  com.alibaba.nacos.client.logging.NacosLogging - Load Logback Configuration of Nacos fail, message: Could not initialize Logback Nacos logging from classpath:nacos-logback.xml
2025-02-28 20:57:47.278 [main] WARN  com.alibaba.nacos.client.logging.NacosLogging - Load Logback Configuration of Nacos fail, message: Could not initialize Logback Nacos logging from classpath:nacos-logback.xml
2025-02-28 20:57:47.551 [main] WARN  com.alibaba.nacos.client.logging.NacosLogging - Load Logback Configuration of Nacos fail, message: Could not initialize Logback Nacos logging from classpath:nacos-logback.xml
2025-02-28 20:57:47.553 [main] INFO  com.alibaba.nacos.client.utils.ParamUtil - [settings] [req-serv] nacos-server port:8848
2025-02-28 20:57:47.553 [main] INFO  com.alibaba.nacos.client.utils.ParamUtil - [settings] [http-client] connect timeout:1000
2025-02-28 20:57:47.554 [main] INFO  com.alibaba.nacos.client.utils.ParamUtil - PER_TASK_CONFIG_SIZE: 3000.0
2025-02-28 20:57:47.585 [main] INFO  c.a.n.p.auth.spi.client.ClientAuthPluginManager - [ClientAuthPluginManager] Load ClientAuthService com.alibaba.nacos.client.auth.impl.NacosClientAuthServiceImpl success.
2025-02-28 20:57:47.585 [main] INFO  c.a.n.p.auth.spi.client.ClientAuthPluginManager - [ClientAuthPluginManager] Load ClientAuthService com.alibaba.nacos.client.auth.ram.RamClientAuthServiceImpl success.
2025-02-28 20:57:47.588 [main] INFO  c.a.n.client.auth.ram.identify.CredentialWatcher - null No credential found
2025-02-28 20:57:47.789 [main] WARN  com.alibaba.nacos.client.logging.NacosLogging - Load Logback Configuration of Nacos fail, message: Could not initialize Logback Nacos logging from classpath:nacos-logback.xml
2025-02-28 20:57:47.804 [main] INFO  c.a.n.client.config.impl.LocalConfigInfoProcessor - LOCAL_SNAPSHOT_PATH:C:\Users\李沅衡\nacos\config
2025-02-28 20:57:47.808 [main] INFO  com.alibaba.nacos.common.remote.client - [RpcClientFactory] create a new rpc client of 33e8060c-71c6-45ec-8d04-d2a1eb4ad0d6_config-0
2025-02-28 20:57:47.826 [main] INFO  com.alibaba.nacos.common.remote.client - [33e8060c-71c6-45ec-8d04-d2a1eb4ad0d6_config-0] Register server push request handler:com.alibaba.nacos.client.config.impl.ClientWorker$ConfigRpcTransportClient$$Lambda$586/0x000001eada36f818
2025-02-28 20:57:47.827 [main] INFO  com.alibaba.nacos.common.remote.client - [33e8060c-71c6-45ec-8d04-d2a1eb4ad0d6_config-0] Register server push request handler:com.alibaba.nacos.client.config.impl.ClientWorker$ConfigRpcTransportClient$$Lambda$587/0x000001eada36fc38
2025-02-28 20:57:47.827 [main] INFO  com.alibaba.nacos.common.remote.client - [33e8060c-71c6-45ec-8d04-d2a1eb4ad0d6_config-0] Registry connection listener to current client:com.alibaba.nacos.client.config.impl.ClientWorker$ConfigRpcTransportClient$1
2025-02-28 20:57:47.828 [main] INFO  com.alibaba.nacos.common.remote.client - [33e8060c-71c6-45ec-8d04-d2a1eb4ad0d6_config-0] RpcClient init, ServerListFactory = com.alibaba.nacos.client.config.impl.ClientWorker$ConfigRpcTransportClient$2
2025-02-28 20:57:47.835 [main] INFO  com.alibaba.nacos.common.remote.client - [33e8060c-71c6-45ec-8d04-d2a1eb4ad0d6_config-0] Try to connect to server on start up, server: {serverIp = '117.72.111.42', server main port = 8848}
2025-02-28 20:57:47.865 [main] INFO  c.a.nacos.common.remote.client.grpc.GrpcClient - grpc client connection server:117.72.111.42 ip,serverPort:9848,grpcTslConfig:{"sslProvider":"OPENSSL","enableTls":false,"mutualAuthEnable":false,"trustAll":false}
2025-02-28 20:57:48.820 [main] INFO  com.alibaba.nacos.common.remote.client - [33e8060c-71c6-45ec-8d04-d2a1eb4ad0d6_config-0] Success to connect to server [117.72.111.42:8848] on start up, connectionId = 1740747468201_111.187.100.246_27356
2025-02-28 20:57:48.821 [com.alibaba.nacos.client.remote.worker] INFO  com.alibaba.nacos.common.remote.client - [33e8060c-71c6-45ec-8d04-d2a1eb4ad0d6_config-0] Notify connected event to listeners.
2025-02-28 20:57:48.821 [main] INFO  com.alibaba.nacos.common.remote.client - [33e8060c-71c6-45ec-8d04-d2a1eb4ad0d6_config-0] Register server push request handler:com.alibaba.nacos.common.remote.client.RpcClient$ConnectResetRequestHandler
2025-02-28 20:57:48.821 [com.alibaba.nacos.client.remote.worker] INFO  com.alibaba.nacos.client.config.impl.ClientWorker - [33e8060c-71c6-45ec-8d04-d2a1eb4ad0d6_config-0] Connected,notify listen context...
2025-02-28 20:57:48.822 [main] INFO  com.alibaba.nacos.common.remote.client - [33e8060c-71c6-45ec-8d04-d2a1eb4ad0d6_config-0] Register server push request handler:com.alibaba.nacos.common.remote.client.RpcClient$$Lambda$607/0x000001eada4f76d8
2025-02-28 20:57:48.881 [main] INFO  com.alibaba.nacos.client.config.impl.Limiter - limitTime:5.0
2025-02-28 20:57:48.938 [main] INFO  com.alibaba.nacos.client.config.utils.JvmUtil - isMultiInstance:false
2025-02-28 20:57:48.987 [main] WARN  c.a.cloud.nacos.client.NacosPropertySourceBuilder - Ignore the empty nacos configuration and get it based on dataId[airrowing-auth.yaml] & group[DEFAULT_GROUP]
2025-02-28 20:57:49.019 [main] WARN  c.a.cloud.nacos.client.NacosPropertySourceBuilder - Ignore the empty nacos configuration and get it based on dataId[airrowing-auth-dev.yaml] & group[DEFAULT_GROUP]
2025-02-28 20:57:49.020 [main] INFO  o.s.c.b.c.PropertySourceBootstrapConfiguration - Located property source: [BootstrapPropertySource {name='bootstrapProperties-airrowing-auth-dev.yaml,DEFAULT_GROUP'}, BootstrapPropertySource {name='bootstrapProperties-airrowing-auth.yaml,DEFAULT_GROUP'}, BootstrapPropertySource {name='bootstrapProperties-airrowing-auth,DEFAULT_GROUP'}]
2025-02-28 20:57:49.025 [main] WARN  com.alibaba.nacos.client.logging.NacosLogging - Load Logback Configuration of Nacos fail, message: Could not initialize Logback Nacos logging from classpath:nacos-logback.xml
2025-02-28 20:57:49.025 [main] INFO  c.tongji.airrowing.auth.AirrowingAuthApplication - The following 1 profile is active: "dev"
2025-02-28 20:57:49.791 [main] INFO  o.s.d.r.config.RepositoryConfigurationDelegate - Multiple Spring Data modules found, entering strict repository configuration mode
2025-02-28 20:57:49.795 [main] INFO  o.s.d.r.config.RepositoryConfigurationDelegate - Bootstrapping Spring Data Redis repositories in DEFAULT mode.
2025-02-28 20:57:49.819 [main] INFO  o.s.d.r.config.RepositoryConfigurationDelegate - Finished Spring Data repository scanning in 8 ms. Found 0 Redis repository interfaces.
2025-02-28 20:57:49.942 [main] INFO  o.springframework.cloud.context.scope.GenericScope - BeanFactory id=4ef6efb1-5c78-3975-9bba-8452e44e0797
2025-02-28 20:57:49.957 [main] INFO  o.s.c.s.PostProcessorRegistrationDelegate$BeanPostProcessorChecker - Bean 'com.tongji.airrowing.user.api.UserFeignApi' of type [org.springframework.cloud.openfeign.FeignClientFactoryBean] is not eligible for getting processed by all BeanPostProcessors (for example: not eligible for auto-proxying)
2025-02-28 20:57:50.355 [main] INFO  o.s.boot.web.embedded.tomcat.TomcatWebServer - Tomcat initialized with port(s): 7080 (http)
2025-02-28 20:57:50.366 [main] INFO  org.apache.catalina.core.StandardService - Starting service [Tomcat]
2025-02-28 20:57:50.368 [main] INFO  org.apache.catalina.core.StandardEngine - Starting Servlet engine: [Apache Tomcat/10.1.5]
2025-02-28 20:57:50.442 [main] INFO  o.a.c.core.ContainerBase.[Tomcat].[localhost].[/] - Initializing Spring embedded WebApplicationContext
2025-02-28 20:57:50.444 [main] INFO  o.s.b.w.s.c.ServletWebServerApplicationContext - Root WebApplicationContext: initialization completed in 1403 ms
2025-02-28 20:57:51.013 [main] INFO  o.s.cloud.openfeign.FeignClientFactoryBean - For 'airrowing-user' URL not provided. Will try picking an instance via load-balancing.
2025-02-28 20:58:14.778 [main] WARN  o.s.c.l.c.LoadBalancerCacheAutoConfiguration$LoadBalancerCaffeineWarnLogger - Spring Cloud LoadBalancer is currently working with the default cache. While this cache implementation is useful for development and tests, it's recommended to use Caffeine cache in production.You can switch to using Caffeine cache, by adding it and org.springframework.cache.caffeine.CaffeineCacheManager to the classpath.
2025-02-28 20:58:14.827 [main] INFO  o.s.boot.web.embedded.tomcat.TomcatWebServer - Tomcat started on port(s): 7080 (http) with context path ''
2025-02-28 20:58:14.831 [main] INFO  com.alibaba.nacos.client.naming - initializer namespace from ans.namespace attribute : null
2025-02-28 20:58:14.831 [main] INFO  com.alibaba.nacos.client.naming - initializer namespace from ALIBABA_ALIWARE_NAMESPACE attribute :null
2025-02-28 20:58:14.831 [main] INFO  com.alibaba.nacos.client.naming - initializer namespace from namespace attribute :null
2025-02-28 20:58:14.839 [main] INFO  c.a.n.p.auth.spi.client.ClientAuthPluginManager - [ClientAuthPluginManager] Load ClientAuthService com.alibaba.nacos.client.auth.impl.NacosClientAuthServiceImpl success.
2025-02-28 20:58:14.839 [main] INFO  c.a.n.p.auth.spi.client.ClientAuthPluginManager - [ClientAuthPluginManager] Load ClientAuthService com.alibaba.nacos.client.auth.ram.RamClientAuthServiceImpl success.
2025-02-28 20:58:14.843 [main] INFO  com.alibaba.nacos.common.remote.client - [RpcClientFactory] create a new rpc client of 1f0d3288-1e0e-418b-9206-ff448b40555f
2025-02-28 20:58:14.845 [main] INFO  com.alibaba.nacos.common.remote.client - [1f0d3288-1e0e-418b-9206-ff448b40555f] RpcClient init, ServerListFactory = com.alibaba.nacos.client.naming.core.ServerListManager
2025-02-28 20:58:14.845 [main] INFO  com.alibaba.nacos.common.remote.client - [1f0d3288-1e0e-418b-9206-ff448b40555f] Registry connection listener to current client:com.alibaba.nacos.client.naming.remote.gprc.redo.NamingGrpcRedoService
2025-02-28 20:58:14.845 [main] INFO  com.alibaba.nacos.common.remote.client - [1f0d3288-1e0e-418b-9206-ff448b40555f] Register server push request handler:com.alibaba.nacos.client.naming.remote.gprc.NamingPushRequestHandler
2025-02-28 20:58:14.846 [main] INFO  com.alibaba.nacos.common.remote.client - [1f0d3288-1e0e-418b-9206-ff448b40555f] Try to connect to server on start up, server: {serverIp = '117.72.111.42', server main port = 8848}
2025-02-28 20:58:14.846 [main] INFO  c.a.nacos.common.remote.client.grpc.GrpcClient - grpc client connection server:117.72.111.42 ip,serverPort:9848,grpcTslConfig:{"sslProvider":"OPENSSL","enableTls":false,"mutualAuthEnable":false,"trustAll":false}
2025-02-28 20:58:15.041 [main] INFO  com.alibaba.nacos.common.remote.client - [1f0d3288-1e0e-418b-9206-ff448b40555f] Success to connect to server [117.72.111.42:8848] on start up, connectionId = 1740747494504_111.187.100.246_27358
2025-02-28 20:58:15.042 [main] INFO  com.alibaba.nacos.common.remote.client - [1f0d3288-1e0e-418b-9206-ff448b40555f] Register server push request handler:com.alibaba.nacos.common.remote.client.RpcClient$ConnectResetRequestHandler
2025-02-28 20:58:15.042 [com.alibaba.nacos.client.remote.worker] INFO  com.alibaba.nacos.common.remote.client - [1f0d3288-1e0e-418b-9206-ff448b40555f] Notify connected event to listeners.
2025-02-28 20:58:15.042 [main] INFO  com.alibaba.nacos.common.remote.client - [1f0d3288-1e0e-418b-9206-ff448b40555f] Register server push request handler:com.alibaba.nacos.common.remote.client.RpcClient$$Lambda$607/0x000001eada4f76d8
2025-02-28 20:58:15.042 [com.alibaba.nacos.client.remote.worker] INFO  com.alibaba.nacos.client.naming - Grpc connection connect
2025-02-28 20:58:15.045 [main] INFO  com.alibaba.nacos.client.naming - [REGISTER-SERVICE] airrowing registering service airrowing-auth with instance Instance{instanceId='null', ip='192.168.81.1', port=7080, weight=1.0, healthy=true, enabled=true, ephemeral=true, clusterName='DEFAULT', serviceName='null', metadata={IPv6=[2001:da8:8002:6bd1:e0c8:dcb8:2421:d87e], preserved.register.source=SPRING_CLOUD}}
2025-02-28 20:58:15.106 [main] INFO  c.a.cloud.nacos.registry.NacosServiceRegistry - nacos registry, DEFAULT_GROUP airrowing-auth 192.168.81.1:7080 register finished
2025-02-28 20:58:15.213 [main] INFO  c.tongji.airrowing.auth.AirrowingAuthApplication - Started AirrowingAuthApplication in 28.905 seconds (process running for 29.93)
2025-02-28 20:58:15.216 [main] INFO  com.alibaba.nacos.client.config.impl.CacheData - nacos.cache.data.init.snapshot = true 
2025-02-28 20:58:15.216 [main] INFO  com.alibaba.nacos.client.config.impl.ClientWorker - [fixed-airrowing-117.72.111.42_8848] [subscribe] airrowing-auth-dev.yaml+DEFAULT_GROUP+airrowing
2025-02-28 20:58:15.224 [main] INFO  com.alibaba.nacos.client.config.impl.CacheData - [fixed-airrowing-117.72.111.42_8848] [add-listener] ok, tenant=airrowing, dataId=airrowing-auth-dev.yaml, group=DEFAULT_GROUP, cnt=1
2025-02-28 20:58:15.224 [main] INFO  c.a.cloud.nacos.refresh.NacosContextRefresher - [Nacos Config] Listening config: dataId=airrowing-auth-dev.yaml, group=DEFAULT_GROUP
2025-02-28 20:58:15.224 [main] INFO  com.alibaba.nacos.client.config.impl.ClientWorker - [fixed-airrowing-117.72.111.42_8848] [subscribe] airrowing-auth.yaml+DEFAULT_GROUP+airrowing
2025-02-28 20:58:15.224 [main] INFO  com.alibaba.nacos.client.config.impl.CacheData - [fixed-airrowing-117.72.111.42_8848] [add-listener] ok, tenant=airrowing, dataId=airrowing-auth.yaml, group=DEFAULT_GROUP, cnt=1
2025-02-28 20:58:15.224 [main] INFO  c.a.cloud.nacos.refresh.NacosContextRefresher - [Nacos Config] Listening config: dataId=airrowing-auth.yaml, group=DEFAULT_GROUP
2025-02-28 20:58:15.245 [main] INFO  com.alibaba.nacos.client.config.impl.ClientWorker - [fixed-airrowing-117.72.111.42_8848] [subscribe] airrowing-auth+DEFAULT_GROUP+airrowing
2025-02-28 20:58:15.245 [main] INFO  com.alibaba.nacos.client.config.impl.CacheData - [fixed-airrowing-117.72.111.42_8848] [add-listener] ok, tenant=airrowing, dataId=airrowing-auth, group=DEFAULT_GROUP, cnt=1
2025-02-28 20:58:15.245 [main] INFO  c.a.cloud.nacos.refresh.NacosContextRefresher - [Nacos Config] Listening config: dataId=airrowing-auth, group=DEFAULT_GROUP
2025-02-28 20:58:41.591 [Thread-2] WARN  c.alibaba.nacos.common.http.HttpClientBeanHolder - [HttpClientBeanHolder] Start destroying common HttpClient
2025-02-28 20:58:41.591 [Thread-9] WARN  com.alibaba.nacos.common.notify.NotifyCenter - [NotifyCenter] Start destroying Publisher
2025-02-28 20:58:41.591 [Thread-9] WARN  com.alibaba.nacos.common.notify.NotifyCenter - [NotifyCenter] Destruction of the end
2025-02-28 20:58:41.592 [Thread-2] WARN  c.alibaba.nacos.common.http.HttpClientBeanHolder - [HttpClientBeanHolder] Destruction of the end
2025-02-28 20:58:41.613 [SpringApplicationShutdownHook] INFO  c.a.cloud.nacos.registry.NacosServiceRegistry - De-registering from Nacos Server now...
2025-02-28 20:58:41.613 [SpringApplicationShutdownHook] INFO  com.alibaba.nacos.client.naming - [DEREGISTER-SERVICE] airrowing deregistering service airrowing-auth with instance: Instance{instanceId='null', ip='192.168.81.1', port=7080, weight=1.0, healthy=true, enabled=true, ephemeral=true, clusterName='DEFAULT', serviceName='null', metadata={}}
2025-02-28 20:58:41.644 [SpringApplicationShutdownHook] INFO  c.a.cloud.nacos.registry.NacosServiceRegistry - De-registration finished.
2025-02-28 20:58:41.645 [SpringApplicationShutdownHook] INFO  com.alibaba.nacos.client.naming - com.alibaba.nacos.client.naming.cache.ServiceInfoHolder do shutdown begin
2025-02-28 20:58:41.645 [SpringApplicationShutdownHook] INFO  com.alibaba.nacos.client.naming - com.alibaba.nacos.client.naming.backups.FailoverReactor do shutdown begin
2025-02-28 20:58:41.645 [SpringApplicationShutdownHook] INFO  com.alibaba.nacos.client.naming - com.alibaba.nacos.client.naming.backups.FailoverReactor do shutdown stop
2025-02-28 20:58:41.645 [SpringApplicationShutdownHook] INFO  com.alibaba.nacos.client.naming - com.alibaba.nacos.client.naming.cache.ServiceInfoHolder do shutdown stop
2025-02-28 20:58:41.645 [SpringApplicationShutdownHook] INFO  com.alibaba.nacos.client.naming - com.alibaba.nacos.client.naming.remote.NamingClientProxyDelegate do shutdown begin
2025-02-28 20:58:41.645 [SpringApplicationShutdownHook] INFO  com.alibaba.nacos.client.naming - com.alibaba.nacos.client.naming.core.ServiceInfoUpdateService do shutdown begin
2025-02-28 20:58:41.645 [SpringApplicationShutdownHook] INFO  com.alibaba.nacos.client.naming - com.alibaba.nacos.client.naming.core.ServiceInfoUpdateService do shutdown stop
2025-02-28 20:58:41.645 [SpringApplicationShutdownHook] INFO  com.alibaba.nacos.client.naming - com.alibaba.nacos.client.naming.core.ServerListManager do shutdown begin
2025-02-28 20:58:41.646 [SpringApplicationShutdownHook] WARN  com.alibaba.nacos.client.naming - [NamingHttpClientManager] Start destroying NacosRestTemplate
2025-02-28 20:58:41.646 [SpringApplicationShutdownHook] WARN  com.alibaba.nacos.client.naming - [NamingHttpClientManager] Destruction of the end
2025-02-28 20:58:41.646 [SpringApplicationShutdownHook] INFO  com.alibaba.nacos.client.naming - com.alibaba.nacos.client.naming.core.ServerListManager do shutdown stop
2025-02-28 20:58:41.646 [SpringApplicationShutdownHook] INFO  com.alibaba.nacos.client.naming - com.alibaba.nacos.client.naming.remote.http.NamingHttpClientProxy do shutdown begin
2025-02-28 20:58:41.646 [SpringApplicationShutdownHook] WARN  com.alibaba.nacos.client.naming - [NamingHttpClientManager] Start destroying NacosRestTemplate
2025-02-28 20:58:41.646 [SpringApplicationShutdownHook] WARN  com.alibaba.nacos.client.naming - [NamingHttpClientManager] Destruction of the end
2025-02-28 20:58:41.646 [SpringApplicationShutdownHook] INFO  com.alibaba.nacos.client.naming - com.alibaba.nacos.client.naming.remote.http.NamingHttpClientProxy do shutdown stop
2025-02-28 20:58:41.646 [SpringApplicationShutdownHook] INFO  com.alibaba.nacos.common.remote.client - Shutdown rpc client, set status to shutdown
2025-02-28 20:58:41.646 [SpringApplicationShutdownHook] INFO  com.alibaba.nacos.common.remote.client - Shutdown client event executor java.util.concurrent.ScheduledThreadPoolExecutor@4558e63d[Running, pool size = 2, active threads = 2, queued tasks = 0, completed tasks = 0]
2025-02-28 20:58:41.646 [SpringApplicationShutdownHook] INFO  com.alibaba.nacos.common.remote.client - Close current connection 1740747494504_111.187.100.246_27358
2025-02-28 20:58:41.652 [nacos-grpc-client-executor-117.72.111.42-11] WARN  c.a.nacos.common.remote.client.grpc.GrpcClient - [1740747494504_111.187.100.246_27358]Ignore error event,isRunning:false,isAbandon=false
2025-02-28 20:58:41.654 [SpringApplicationShutdownHook] INFO  c.a.nacos.common.remote.client.grpc.GrpcClient - Shutdown grpc executor java.util.concurrent.ThreadPoolExecutor@17f0f5a[Running, pool size = 4, active threads = 0, queued tasks = 0, completed tasks = 12]
2025-02-28 20:58:41.654 [SpringApplicationShutdownHook] INFO  com.alibaba.nacos.client.naming - Shutdown grpc redo service executor java.util.concurrent.ScheduledThreadPoolExecutor@541524c5[Running, pool size = 1, active threads = 0, queued tasks = 1, completed tasks = 8]
2025-02-28 20:58:41.655 [SpringApplicationShutdownHook] INFO  c.a.n.client.auth.ram.identify.CredentialWatcher - [null] CredentialWatcher is stopped
2025-02-28 20:58:41.655 [SpringApplicationShutdownHook] INFO  c.a.n.client.auth.ram.identify.CredentialService - [null] CredentialService is freed
2025-02-28 20:58:41.655 [SpringApplicationShutdownHook] INFO  com.alibaba.nacos.client.naming - com.alibaba.nacos.client.naming.remote.NamingClientProxyDelegate do shutdown stop
2025-02-28 21:20:55.977 [main] WARN  com.alibaba.nacos.client.logging.NacosLogging - Load Logback Configuration of Nacos fail, message: Could not initialize Logback Nacos logging from classpath:nacos-logback.xml
2025-02-28 21:20:56.042 [main] WARN  com.alibaba.nacos.client.logging.NacosLogging - Load Logback Configuration of Nacos fail, message: Could not initialize Logback Nacos logging from classpath:nacos-logback.xml
2025-02-28 21:20:56.281 [main] WARN  com.alibaba.nacos.client.logging.NacosLogging - Load Logback Configuration of Nacos fail, message: Could not initialize Logback Nacos logging from classpath:nacos-logback.xml
2025-02-28 21:20:56.283 [main] INFO  com.alibaba.nacos.client.utils.ParamUtil - [settings] [req-serv] nacos-server port:8848
2025-02-28 21:20:56.283 [main] INFO  com.alibaba.nacos.client.utils.ParamUtil - [settings] [http-client] connect timeout:1000
2025-02-28 21:20:56.284 [main] INFO  com.alibaba.nacos.client.utils.ParamUtil - PER_TASK_CONFIG_SIZE: 3000.0
2025-02-28 21:20:56.314 [main] INFO  c.a.n.p.auth.spi.client.ClientAuthPluginManager - [ClientAuthPluginManager] Load ClientAuthService com.alibaba.nacos.client.auth.impl.NacosClientAuthServiceImpl success.
2025-02-28 21:20:56.314 [main] INFO  c.a.n.p.auth.spi.client.ClientAuthPluginManager - [ClientAuthPluginManager] Load ClientAuthService com.alibaba.nacos.client.auth.ram.RamClientAuthServiceImpl success.
2025-02-28 21:20:56.316 [main] INFO  c.a.n.client.auth.ram.identify.CredentialWatcher - null No credential found
2025-02-28 21:20:56.486 [main] WARN  com.alibaba.nacos.client.logging.NacosLogging - Load Logback Configuration of Nacos fail, message: Could not initialize Logback Nacos logging from classpath:nacos-logback.xml
2025-02-28 21:20:56.501 [main] INFO  c.a.n.client.config.impl.LocalConfigInfoProcessor - LOCAL_SNAPSHOT_PATH:C:\Users\李沅衡\nacos\config
2025-02-28 21:20:56.505 [main] INFO  com.alibaba.nacos.common.remote.client - [RpcClientFactory] create a new rpc client of 583fe5f8-972f-486e-bbde-c8a359696cc3_config-0
2025-02-28 21:20:56.521 [main] INFO  com.alibaba.nacos.common.remote.client - [583fe5f8-972f-486e-bbde-c8a359696cc3_config-0] Register server push request handler:com.alibaba.nacos.client.config.impl.ClientWorker$ConfigRpcTransportClient$$Lambda$586/0x0000022b8136fca8
2025-02-28 21:20:56.522 [main] INFO  com.alibaba.nacos.common.remote.client - [583fe5f8-972f-486e-bbde-c8a359696cc3_config-0] Register server push request handler:com.alibaba.nacos.client.config.impl.ClientWorker$ConfigRpcTransportClient$$Lambda$587/0x0000022b81370200
2025-02-28 21:20:56.523 [main] INFO  com.alibaba.nacos.common.remote.client - [583fe5f8-972f-486e-bbde-c8a359696cc3_config-0] Registry connection listener to current client:com.alibaba.nacos.client.config.impl.ClientWorker$ConfigRpcTransportClient$1
2025-02-28 21:20:56.524 [main] INFO  com.alibaba.nacos.common.remote.client - [583fe5f8-972f-486e-bbde-c8a359696cc3_config-0] RpcClient init, ServerListFactory = com.alibaba.nacos.client.config.impl.ClientWorker$ConfigRpcTransportClient$2
2025-02-28 21:20:56.531 [main] INFO  com.alibaba.nacos.common.remote.client - [583fe5f8-972f-486e-bbde-c8a359696cc3_config-0] Try to connect to server on start up, server: {serverIp = '117.72.111.42', server main port = 8848}
2025-02-28 21:20:56.555 [main] INFO  c.a.nacos.common.remote.client.grpc.GrpcClient - grpc client connection server:117.72.111.42 ip,serverPort:9848,grpcTslConfig:{"sslProvider":"OPENSSL","enableTls":false,"mutualAuthEnable":false,"trustAll":false}
2025-02-28 21:20:57.536 [main] INFO  com.alibaba.nacos.common.remote.client - [583fe5f8-972f-486e-bbde-c8a359696cc3_config-0] Success to connect to server [117.72.111.42:8848] on start up, connectionId = 1740748856910_111.187.100.246_27367
2025-02-28 21:20:57.539 [com.alibaba.nacos.client.remote.worker] INFO  com.alibaba.nacos.common.remote.client - [583fe5f8-972f-486e-bbde-c8a359696cc3_config-0] Notify connected event to listeners.
2025-02-28 21:20:57.539 [com.alibaba.nacos.client.remote.worker] INFO  com.alibaba.nacos.client.config.impl.ClientWorker - [583fe5f8-972f-486e-bbde-c8a359696cc3_config-0] Connected,notify listen context...
2025-02-28 21:20:57.540 [main] INFO  com.alibaba.nacos.common.remote.client - [583fe5f8-972f-486e-bbde-c8a359696cc3_config-0] Register server push request handler:com.alibaba.nacos.common.remote.client.RpcClient$ConnectResetRequestHandler
2025-02-28 21:20:57.541 [main] INFO  com.alibaba.nacos.common.remote.client - [583fe5f8-972f-486e-bbde-c8a359696cc3_config-0] Register server push request handler:com.alibaba.nacos.common.remote.client.RpcClient$$Lambda$607/0x0000022b814f61c8
2025-02-28 21:20:57.591 [main] INFO  com.alibaba.nacos.client.config.impl.Limiter - limitTime:5.0
2025-02-28 21:20:57.635 [main] INFO  com.alibaba.nacos.client.config.utils.JvmUtil - isMultiInstance:false
2025-02-28 21:20:57.676 [main] WARN  c.a.cloud.nacos.client.NacosPropertySourceBuilder - Ignore the empty nacos configuration and get it based on dataId[airrowing-auth.yaml] & group[DEFAULT_GROUP]
2025-02-28 21:20:57.710 [main] WARN  c.a.cloud.nacos.client.NacosPropertySourceBuilder - Ignore the empty nacos configuration and get it based on dataId[airrowing-auth-dev.yaml] & group[DEFAULT_GROUP]
2025-02-28 21:20:57.711 [main] INFO  o.s.c.b.c.PropertySourceBootstrapConfiguration - Located property source: [BootstrapPropertySource {name='bootstrapProperties-airrowing-auth-dev.yaml,DEFAULT_GROUP'}, BootstrapPropertySource {name='bootstrapProperties-airrowing-auth.yaml,DEFAULT_GROUP'}, BootstrapPropertySource {name='bootstrapProperties-airrowing-auth,DEFAULT_GROUP'}]
2025-02-28 21:20:57.717 [main] WARN  com.alibaba.nacos.client.logging.NacosLogging - Load Logback Configuration of Nacos fail, message: Could not initialize Logback Nacos logging from classpath:nacos-logback.xml
2025-02-28 21:20:57.717 [main] INFO  c.tongji.airrowing.auth.AirrowingAuthApplication - The following 1 profile is active: "dev"
2025-02-28 21:20:58.312 [main] INFO  o.s.d.r.config.RepositoryConfigurationDelegate - Multiple Spring Data modules found, entering strict repository configuration mode
2025-02-28 21:20:58.315 [main] INFO  o.s.d.r.config.RepositoryConfigurationDelegate - Bootstrapping Spring Data Redis repositories in DEFAULT mode.
2025-02-28 21:20:58.346 [main] INFO  o.s.d.r.config.RepositoryConfigurationDelegate - Finished Spring Data repository scanning in 9 ms. Found 0 Redis repository interfaces.
2025-02-28 21:20:58.480 [main] INFO  o.springframework.cloud.context.scope.GenericScope - BeanFactory id=4ef6efb1-5c78-3975-9bba-8452e44e0797
2025-02-28 21:20:58.493 [main] INFO  o.s.c.s.PostProcessorRegistrationDelegate$BeanPostProcessorChecker - Bean 'com.tongji.airrowing.user.api.UserFeignApi' of type [org.springframework.cloud.openfeign.FeignClientFactoryBean] is not eligible for getting processed by all BeanPostProcessors (for example: not eligible for auto-proxying)
2025-02-28 21:20:58.876 [main] INFO  o.s.boot.web.embedded.tomcat.TomcatWebServer - Tomcat initialized with port(s): 7080 (http)
2025-02-28 21:20:58.885 [main] INFO  org.apache.catalina.core.StandardService - Starting service [Tomcat]
2025-02-28 21:20:58.885 [main] INFO  org.apache.catalina.core.StandardEngine - Starting Servlet engine: [Apache Tomcat/10.1.5]
2025-02-28 21:20:58.948 [main] INFO  o.a.c.core.ContainerBase.[Tomcat].[localhost].[/] - Initializing Spring embedded WebApplicationContext
2025-02-28 21:20:58.948 [main] INFO  o.s.b.w.s.c.ServletWebServerApplicationContext - Root WebApplicationContext: initialization completed in 1219 ms
2025-02-28 21:20:59.513 [main] INFO  o.s.cloud.openfeign.FeignClientFactoryBean - For 'airrowing-user' URL not provided. Will try picking an instance via load-balancing.
2025-02-28 21:21:23.184 [main] WARN  o.s.c.l.c.LoadBalancerCacheAutoConfiguration$LoadBalancerCaffeineWarnLogger - Spring Cloud LoadBalancer is currently working with the default cache. While this cache implementation is useful for development and tests, it's recommended to use Caffeine cache in production.You can switch to using Caffeine cache, by adding it and org.springframework.cache.caffeine.CaffeineCacheManager to the classpath.
2025-02-28 21:21:23.232 [main] INFO  o.s.boot.web.embedded.tomcat.TomcatWebServer - Tomcat started on port(s): 7080 (http) with context path ''
2025-02-28 21:21:23.236 [main] INFO  com.alibaba.nacos.client.naming - initializer namespace from ans.namespace attribute : null
2025-02-28 21:21:23.236 [main] INFO  com.alibaba.nacos.client.naming - initializer namespace from ALIBABA_ALIWARE_NAMESPACE attribute :null
2025-02-28 21:21:23.237 [main] INFO  com.alibaba.nacos.client.naming - initializer namespace from namespace attribute :null
2025-02-28 21:21:23.244 [main] INFO  c.a.n.p.auth.spi.client.ClientAuthPluginManager - [ClientAuthPluginManager] Load ClientAuthService com.alibaba.nacos.client.auth.impl.NacosClientAuthServiceImpl success.
2025-02-28 21:21:23.244 [main] INFO  c.a.n.p.auth.spi.client.ClientAuthPluginManager - [ClientAuthPluginManager] Load ClientAuthService com.alibaba.nacos.client.auth.ram.RamClientAuthServiceImpl success.
2025-02-28 21:21:23.248 [main] INFO  com.alibaba.nacos.common.remote.client - [RpcClientFactory] create a new rpc client of fcf1c7b5-884a-4303-b2f6-8f98106f961f
2025-02-28 21:21:23.250 [main] INFO  com.alibaba.nacos.common.remote.client - [fcf1c7b5-884a-4303-b2f6-8f98106f961f] RpcClient init, ServerListFactory = com.alibaba.nacos.client.naming.core.ServerListManager
2025-02-28 21:21:23.250 [main] INFO  com.alibaba.nacos.common.remote.client - [fcf1c7b5-884a-4303-b2f6-8f98106f961f] Registry connection listener to current client:com.alibaba.nacos.client.naming.remote.gprc.redo.NamingGrpcRedoService
2025-02-28 21:21:23.250 [main] INFO  com.alibaba.nacos.common.remote.client - [fcf1c7b5-884a-4303-b2f6-8f98106f961f] Register server push request handler:com.alibaba.nacos.client.naming.remote.gprc.NamingPushRequestHandler
2025-02-28 21:21:23.251 [main] INFO  com.alibaba.nacos.common.remote.client - [fcf1c7b5-884a-4303-b2f6-8f98106f961f] Try to connect to server on start up, server: {serverIp = '117.72.111.42', server main port = 8848}
2025-02-28 21:21:23.251 [main] INFO  c.a.nacos.common.remote.client.grpc.GrpcClient - grpc client connection server:117.72.111.42 ip,serverPort:9848,grpcTslConfig:{"sslProvider":"OPENSSL","enableTls":false,"mutualAuthEnable":false,"trustAll":false}
2025-02-28 21:21:23.450 [main] INFO  com.alibaba.nacos.common.remote.client - [fcf1c7b5-884a-4303-b2f6-8f98106f961f] Success to connect to server [117.72.111.42:8848] on start up, connectionId = 1740748882914_111.187.100.246_27368
2025-02-28 21:21:23.450 [main] INFO  com.alibaba.nacos.common.remote.client - [fcf1c7b5-884a-4303-b2f6-8f98106f961f] Register server push request handler:com.alibaba.nacos.common.remote.client.RpcClient$ConnectResetRequestHandler
2025-02-28 21:21:23.450 [main] INFO  com.alibaba.nacos.common.remote.client - [fcf1c7b5-884a-4303-b2f6-8f98106f961f] Register server push request handler:com.alibaba.nacos.common.remote.client.RpcClient$$Lambda$607/0x0000022b814f61c8
2025-02-28 21:21:23.450 [com.alibaba.nacos.client.remote.worker] INFO  com.alibaba.nacos.common.remote.client - [fcf1c7b5-884a-4303-b2f6-8f98106f961f] Notify connected event to listeners.
2025-02-28 21:21:23.450 [com.alibaba.nacos.client.remote.worker] INFO  com.alibaba.nacos.client.naming - Grpc connection connect
2025-02-28 21:21:23.451 [main] INFO  com.alibaba.nacos.client.naming - [REGISTER-SERVICE] airrowing registering service airrowing-auth with instance Instance{instanceId='null', ip='192.168.81.1', port=7080, weight=1.0, healthy=true, enabled=true, ephemeral=true, clusterName='DEFAULT', serviceName='null', metadata={IPv6=[2001:da8:8002:6bd1:e0c8:dcb8:2421:d87e], preserved.register.source=SPRING_CLOUD}}
2025-02-28 21:21:23.492 [main] INFO  c.a.cloud.nacos.registry.NacosServiceRegistry - nacos registry, DEFAULT_GROUP airrowing-auth 192.168.81.1:7080 register finished
2025-02-28 21:21:23.586 [main] INFO  c.tongji.airrowing.auth.AirrowingAuthApplication - Started AirrowingAuthApplication in 28.222 seconds (process running for 28.857)
2025-02-28 21:21:23.589 [main] INFO  com.alibaba.nacos.client.config.impl.CacheData - nacos.cache.data.init.snapshot = true 
2025-02-28 21:21:23.589 [main] INFO  com.alibaba.nacos.client.config.impl.ClientWorker - [fixed-airrowing-117.72.111.42_8848] [subscribe] airrowing-auth-dev.yaml+DEFAULT_GROUP+airrowing
2025-02-28 21:21:23.596 [main] INFO  com.alibaba.nacos.client.config.impl.CacheData - [fixed-airrowing-117.72.111.42_8848] [add-listener] ok, tenant=airrowing, dataId=airrowing-auth-dev.yaml, group=DEFAULT_GROUP, cnt=1
2025-02-28 21:21:23.596 [main] INFO  c.a.cloud.nacos.refresh.NacosContextRefresher - [Nacos Config] Listening config: dataId=airrowing-auth-dev.yaml, group=DEFAULT_GROUP
2025-02-28 21:21:23.596 [main] INFO  com.alibaba.nacos.client.config.impl.ClientWorker - [fixed-airrowing-117.72.111.42_8848] [subscribe] airrowing-auth.yaml+DEFAULT_GROUP+airrowing
2025-02-28 21:21:23.596 [main] INFO  com.alibaba.nacos.client.config.impl.CacheData - [fixed-airrowing-117.72.111.42_8848] [add-listener] ok, tenant=airrowing, dataId=airrowing-auth.yaml, group=DEFAULT_GROUP, cnt=1
2025-02-28 21:21:23.596 [main] INFO  c.a.cloud.nacos.refresh.NacosContextRefresher - [Nacos Config] Listening config: dataId=airrowing-auth.yaml, group=DEFAULT_GROUP
2025-02-28 21:21:23.597 [main] INFO  com.alibaba.nacos.client.config.impl.ClientWorker - [fixed-airrowing-117.72.111.42_8848] [subscribe] airrowing-auth+DEFAULT_GROUP+airrowing
2025-02-28 21:21:23.598 [main] INFO  com.alibaba.nacos.client.config.impl.CacheData - [fixed-airrowing-117.72.111.42_8848] [add-listener] ok, tenant=airrowing, dataId=airrowing-auth, group=DEFAULT_GROUP, cnt=1
2025-02-28 21:21:23.598 [main] INFO  c.a.cloud.nacos.refresh.NacosContextRefresher - [Nacos Config] Listening config: dataId=airrowing-auth, group=DEFAULT_GROUP
2025-02-28 21:22:35.943 [Thread-2] WARN  c.alibaba.nacos.common.http.HttpClientBeanHolder - [HttpClientBeanHolder] Start destroying common HttpClient
2025-02-28 21:22:35.943 [Thread-9] WARN  com.alibaba.nacos.common.notify.NotifyCenter - [NotifyCenter] Start destroying Publisher
2025-02-28 21:22:35.943 [Thread-9] WARN  com.alibaba.nacos.common.notify.NotifyCenter - [NotifyCenter] Destruction of the end
2025-02-28 21:22:35.943 [Thread-2] WARN  c.alibaba.nacos.common.http.HttpClientBeanHolder - [HttpClientBeanHolder] Destruction of the end
2025-02-28 21:22:35.961 [SpringApplicationShutdownHook] INFO  c.a.cloud.nacos.registry.NacosServiceRegistry - De-registering from Nacos Server now...
2025-02-28 21:22:35.961 [SpringApplicationShutdownHook] INFO  com.alibaba.nacos.client.naming - [DEREGISTER-SERVICE] airrowing deregistering service airrowing-auth with instance: Instance{instanceId='null', ip='192.168.81.1', port=7080, weight=1.0, healthy=true, enabled=true, ephemeral=true, clusterName='DEFAULT', serviceName='null', metadata={}}
2025-02-28 21:22:36.054 [SpringApplicationShutdownHook] INFO  c.a.cloud.nacos.registry.NacosServiceRegistry - De-registration finished.
2025-02-28 21:22:36.054 [SpringApplicationShutdownHook] INFO  com.alibaba.nacos.client.naming - com.alibaba.nacos.client.naming.cache.ServiceInfoHolder do shutdown begin
2025-02-28 21:22:36.054 [SpringApplicationShutdownHook] INFO  com.alibaba.nacos.client.naming - com.alibaba.nacos.client.naming.backups.FailoverReactor do shutdown begin
2025-02-28 21:22:36.054 [SpringApplicationShutdownHook] INFO  com.alibaba.nacos.client.naming - com.alibaba.nacos.client.naming.backups.FailoverReactor do shutdown stop
2025-02-28 21:22:36.055 [SpringApplicationShutdownHook] INFO  com.alibaba.nacos.client.naming - com.alibaba.nacos.client.naming.cache.ServiceInfoHolder do shutdown stop
2025-02-28 21:22:36.055 [SpringApplicationShutdownHook] INFO  com.alibaba.nacos.client.naming - com.alibaba.nacos.client.naming.remote.NamingClientProxyDelegate do shutdown begin
2025-02-28 21:22:36.055 [SpringApplicationShutdownHook] INFO  com.alibaba.nacos.client.naming - com.alibaba.nacos.client.naming.core.ServiceInfoUpdateService do shutdown begin
2025-02-28 21:22:36.055 [SpringApplicationShutdownHook] INFO  com.alibaba.nacos.client.naming - com.alibaba.nacos.client.naming.core.ServiceInfoUpdateService do shutdown stop
2025-02-28 21:22:36.055 [SpringApplicationShutdownHook] INFO  com.alibaba.nacos.client.naming - com.alibaba.nacos.client.naming.core.ServerListManager do shutdown begin
2025-02-28 21:22:36.055 [SpringApplicationShutdownHook] WARN  com.alibaba.nacos.client.naming - [NamingHttpClientManager] Start destroying NacosRestTemplate
2025-02-28 21:22:36.055 [SpringApplicationShutdownHook] WARN  com.alibaba.nacos.client.naming - [NamingHttpClientManager] Destruction of the end
2025-02-28 21:22:36.055 [SpringApplicationShutdownHook] INFO  com.alibaba.nacos.client.naming - com.alibaba.nacos.client.naming.core.ServerListManager do shutdown stop
2025-02-28 21:22:36.055 [SpringApplicationShutdownHook] INFO  com.alibaba.nacos.client.naming - com.alibaba.nacos.client.naming.remote.http.NamingHttpClientProxy do shutdown begin
2025-02-28 21:22:36.055 [SpringApplicationShutdownHook] WARN  com.alibaba.nacos.client.naming - [NamingHttpClientManager] Start destroying NacosRestTemplate
2025-02-28 21:22:36.055 [SpringApplicationShutdownHook] WARN  com.alibaba.nacos.client.naming - [NamingHttpClientManager] Destruction of the end
2025-02-28 21:22:36.055 [SpringApplicationShutdownHook] INFO  com.alibaba.nacos.client.naming - com.alibaba.nacos.client.naming.remote.http.NamingHttpClientProxy do shutdown stop
2025-02-28 21:22:36.055 [SpringApplicationShutdownHook] INFO  com.alibaba.nacos.common.remote.client - Shutdown rpc client, set status to shutdown
2025-02-28 21:22:36.055 [SpringApplicationShutdownHook] INFO  com.alibaba.nacos.common.remote.client - Shutdown client event executor java.util.concurrent.ScheduledThreadPoolExecutor@5305a023[Running, pool size = 2, active threads = 2, queued tasks = 0, completed tasks = 0]
2025-02-28 21:22:36.055 [SpringApplicationShutdownHook] INFO  com.alibaba.nacos.common.remote.client - Close current connection 1740748882914_111.187.100.246_27368
2025-02-28 21:22:36.060 [nacos-grpc-client-executor-117.72.111.42-23] WARN  c.a.nacos.common.remote.client.grpc.GrpcClient - [1740748882914_111.187.100.246_27368]Ignore error event,isRunning:false,isAbandon=false
2025-02-28 21:22:36.062 [SpringApplicationShutdownHook] INFO  c.a.nacos.common.remote.client.grpc.GrpcClient - Shutdown grpc executor java.util.concurrent.ThreadPoolExecutor@7a7a44af[Running, pool size = 4, active threads = 0, queued tasks = 0, completed tasks = 24]
2025-02-28 21:22:36.062 [SpringApplicationShutdownHook] INFO  com.alibaba.nacos.client.naming - Shutdown grpc redo service executor java.util.concurrent.ScheduledThreadPoolExecutor@1d80dbe5[Running, pool size = 1, active threads = 0, queued tasks = 1, completed tasks = 24]
2025-02-28 21:22:36.062 [SpringApplicationShutdownHook] INFO  c.a.n.client.auth.ram.identify.CredentialWatcher - [null] CredentialWatcher is stopped
2025-02-28 21:22:36.063 [SpringApplicationShutdownHook] INFO  c.a.n.client.auth.ram.identify.CredentialService - [null] CredentialService is freed
2025-02-28 21:22:36.063 [SpringApplicationShutdownHook] INFO  com.alibaba.nacos.client.naming - com.alibaba.nacos.client.naming.remote.NamingClientProxyDelegate do shutdown stop
