2024-11-20 14:36:16.635 [main] WARN  com.alibaba.nacos.client.logging.NacosLogging - Load Logback Configuration of Nacos fail, message: Could not initialize Logback Nacos logging from classpath:nacos-logback.xml
2024-11-20 14:36:16.721 [main] WARN  com.alibaba.nacos.client.logging.NacosLogging - Load Logback Configuration of Nacos fail, message: Could not initialize Logback Nacos logging from classpath:nacos-logback.xml
2024-11-20 14:36:17.018 [main] WARN  com.alibaba.nacos.client.logging.NacosLogging - Load Logback Configuration of Nacos fail, message: Could not initialize Logback Nacos logging from classpath:nacos-logback.xml
2024-11-20 14:36:17.020 [main] INFO  com.alibaba.nacos.client.utils.ParamUtil - [settings] [req-serv] nacos-server port:8848
2024-11-20 14:36:17.020 [main] INFO  com.alibaba.nacos.client.utils.ParamUtil - [settings] [http-client] connect timeout:1000
2024-11-20 14:36:17.022 [main] INFO  com.alibaba.nacos.client.utils.ParamUtil - PER_TASK_CONFIG_SIZE: 3000.0
2024-11-20 14:36:17.063 [main] INFO  c.a.n.p.auth.spi.client.ClientAuthPluginManager - [ClientAuthPluginManager] Load ClientAuthService com.alibaba.nacos.client.auth.impl.NacosClientAuthServiceImpl success.
2024-11-20 14:36:17.063 [main] INFO  c.a.n.p.auth.spi.client.ClientAuthPluginManager - [ClientAuthPluginManager] Load ClientAuthService com.alibaba.nacos.client.auth.ram.RamClientAuthServiceImpl success.
2024-11-20 14:36:17.066 [main] INFO  c.a.n.client.auth.ram.identify.CredentialWatcher - null No credential found
2024-11-20 14:36:18.401 [main] WARN  com.alibaba.nacos.client.logging.NacosLogging - Load Logback Configuration of Nacos fail, message: Could not initialize Logback Nacos logging from classpath:nacos-logback.xml
2024-11-20 14:36:18.419 [main] INFO  c.a.n.client.config.impl.LocalConfigInfoProcessor - LOCAL_SNAPSHOT_PATH:C:\Users\李沅衡\nacos\config
2024-11-20 14:36:18.427 [main] INFO  com.alibaba.nacos.common.remote.client - [RpcClientFactory] create a new rpc client of 48fd470a-fc1d-4d08-802d-04151f8d6be0_config-0
2024-11-20 14:36:18.469 [main] INFO  com.alibaba.nacos.common.remote.client - [48fd470a-fc1d-4d08-802d-04151f8d6be0_config-0] Register server push request handler:com.alibaba.nacos.client.config.impl.ClientWorker$ConfigRpcTransportClient$$Lambda$574/0x0000015c81366908
2024-11-20 14:36:18.470 [main] INFO  com.alibaba.nacos.common.remote.client - [48fd470a-fc1d-4d08-802d-04151f8d6be0_config-0] Register server push request handler:com.alibaba.nacos.client.config.impl.ClientWorker$ConfigRpcTransportClient$$Lambda$575/0x0000015c81366d28
2024-11-20 14:36:18.471 [main] INFO  com.alibaba.nacos.common.remote.client - [48fd470a-fc1d-4d08-802d-04151f8d6be0_config-0] Registry connection listener to current client:com.alibaba.nacos.client.config.impl.ClientWorker$ConfigRpcTransportClient$1
2024-11-20 14:36:18.472 [main] INFO  com.alibaba.nacos.common.remote.client - [48fd470a-fc1d-4d08-802d-04151f8d6be0_config-0] RpcClient init, ServerListFactory = com.alibaba.nacos.client.config.impl.ClientWorker$ConfigRpcTransportClient$2
2024-11-20 14:36:18.488 [main] INFO  com.alibaba.nacos.common.remote.client - [48fd470a-fc1d-4d08-802d-04151f8d6be0_config-0] Try to connect to server on start up, server: {serverIp = '127.0.0.1', server main port = 8848}
2024-11-20 14:36:18.544 [main] INFO  c.a.nacos.common.remote.client.grpc.GrpcClient - grpc client connection server:127.0.0.1 ip,serverPort:9848,grpcTslConfig:{"sslProvider":"OPENSSL","enableTls":false,"mutualAuthEnable":false,"trustAll":false}
2024-11-20 14:36:20.062 [main] INFO  com.alibaba.nacos.common.remote.client - [48fd470a-fc1d-4d08-802d-04151f8d6be0_config-0] Success to connect to server [127.0.0.1:8848] on start up, connectionId = 1732084579740_172.17.0.1_47060
2024-11-20 14:36:20.063 [com.alibaba.nacos.client.remote.worker] INFO  com.alibaba.nacos.common.remote.client - [48fd470a-fc1d-4d08-802d-04151f8d6be0_config-0] Notify connected event to listeners.
2024-11-20 14:36:20.063 [com.alibaba.nacos.client.remote.worker] INFO  com.alibaba.nacos.client.config.impl.ClientWorker - [48fd470a-fc1d-4d08-802d-04151f8d6be0_config-0] Connected,notify listen context...
2024-11-20 14:36:20.063 [main] INFO  com.alibaba.nacos.common.remote.client - [48fd470a-fc1d-4d08-802d-04151f8d6be0_config-0] Register server push request handler:com.alibaba.nacos.common.remote.client.RpcClient$ConnectResetRequestHandler
2024-11-20 14:36:20.064 [main] INFO  com.alibaba.nacos.common.remote.client - [48fd470a-fc1d-4d08-802d-04151f8d6be0_config-0] Register server push request handler:com.alibaba.nacos.common.remote.client.RpcClient$$Lambda$595/0x0000015c814ee1c8
2024-11-20 14:36:20.164 [main] INFO  com.alibaba.nacos.client.config.impl.Limiter - limitTime:5.0
2024-11-20 14:36:20.438 [main] INFO  com.alibaba.nacos.client.config.utils.JvmUtil - isMultiInstance:false
2024-11-20 14:36:20.508 [main] WARN  c.a.cloud.nacos.client.NacosPropertySourceBuilder - Ignore the empty nacos configuration and get it based on dataId[airrowing-auth.yaml] & group[DEFAULT_GROUP]
2024-11-20 14:36:20.567 [main] INFO  o.s.c.b.c.PropertySourceBootstrapConfiguration - Located property source: [BootstrapPropertySource {name='bootstrapProperties-airrowing-auth-dev.yaml,DEFAULT_GROUP'}, BootstrapPropertySource {name='bootstrapProperties-airrowing-auth.yaml,DEFAULT_GROUP'}, BootstrapPropertySource {name='bootstrapProperties-airrowing-auth,DEFAULT_GROUP'}]
2024-11-20 14:36:20.577 [main] WARN  com.alibaba.nacos.client.logging.NacosLogging - Load Logback Configuration of Nacos fail, message: Could not initialize Logback Nacos logging from classpath:nacos-logback.xml
2024-11-20 14:36:20.578 [main] INFO  c.tongji.airrowing.auth.AirrowingAuthApplication - The following 1 profile is active: "dev"
2024-11-20 14:36:22.068 [main] INFO  o.s.d.r.config.RepositoryConfigurationDelegate - Multiple Spring Data modules found, entering strict repository configuration mode
2024-11-20 14:36:22.072 [main] INFO  o.s.d.r.config.RepositoryConfigurationDelegate - Bootstrapping Spring Data Redis repositories in DEFAULT mode.
2024-11-20 14:36:22.107 [main] INFO  o.s.d.r.config.RepositoryConfigurationDelegate - Finished Spring Data repository scanning in 13 ms. Found 0 Redis repository interfaces.
2024-11-20 14:36:22.290 [main] INFO  o.springframework.cloud.context.scope.GenericScope - BeanFactory id=4ef6efb1-5c78-3975-9bba-8452e44e0797
2024-11-20 14:36:22.310 [main] INFO  o.s.c.s.PostProcessorRegistrationDelegate$BeanPostProcessorChecker - Bean 'com.tongji.airrowing.user.api.UserFeignApi' of type [org.springframework.cloud.openfeign.FeignClientFactoryBean] is not eligible for getting processed by all BeanPostProcessors (for example: not eligible for auto-proxying)
2024-11-20 14:36:22.928 [main] INFO  o.s.boot.web.embedded.tomcat.TomcatWebServer - Tomcat initialized with port(s): 7080 (http)
2024-11-20 14:36:22.946 [main] INFO  org.apache.catalina.core.StandardService - Starting service [Tomcat]
2024-11-20 14:36:22.947 [main] INFO  org.apache.catalina.core.StandardEngine - Starting Servlet engine: [Apache Tomcat/10.1.5]
2024-11-20 14:36:23.075 [main] INFO  o.a.c.core.ContainerBase.[Tomcat].[localhost].[/] - Initializing Spring embedded WebApplicationContext
2024-11-20 14:36:23.075 [main] INFO  o.s.b.w.s.c.ServletWebServerApplicationContext - Root WebApplicationContext: initialization completed in 2470 ms
2024-11-20 14:36:24.092 [main] INFO  o.s.cloud.openfeign.FeignClientFactoryBean - For 'airrowing-user' URL not provided. Will try picking an instance via load-balancing.
2024-11-20 14:36:26.299 [main] INFO  org.springframework.cloud.commons.util.InetUtils - Cannot determine local hostname
2024-11-20 14:36:28.734 [main] INFO  org.springframework.cloud.commons.util.InetUtils - Cannot determine local hostname
2024-11-20 14:36:28.795 [main] WARN  o.s.c.l.c.LoadBalancerCacheAutoConfiguration$LoadBalancerCaffeineWarnLogger - Spring Cloud LoadBalancer is currently working with the default cache. While this cache implementation is useful for development and tests, it's recommended to use Caffeine cache in production.You can switch to using Caffeine cache, by adding it and org.springframework.cache.caffeine.CaffeineCacheManager to the classpath.
2024-11-20 14:36:28.921 [main] INFO  o.s.boot.web.embedded.tomcat.TomcatWebServer - Tomcat started on port(s): 7080 (http) with context path ''
2024-11-20 14:36:28.934 [main] INFO  com.alibaba.nacos.client.naming - initializer namespace from ans.namespace attribute : null
2024-11-20 14:36:28.935 [main] INFO  com.alibaba.nacos.client.naming - initializer namespace from ALIBABA_ALIWARE_NAMESPACE attribute :null
2024-11-20 14:36:28.938 [main] INFO  com.alibaba.nacos.client.naming - initializer namespace from namespace attribute :null
2024-11-20 14:36:28.972 [main] INFO  c.a.n.p.auth.spi.client.ClientAuthPluginManager - [ClientAuthPluginManager] Load ClientAuthService com.alibaba.nacos.client.auth.impl.NacosClientAuthServiceImpl success.
2024-11-20 14:36:28.973 [main] INFO  c.a.n.p.auth.spi.client.ClientAuthPluginManager - [ClientAuthPluginManager] Load ClientAuthService com.alibaba.nacos.client.auth.ram.RamClientAuthServiceImpl success.
2024-11-20 14:36:28.985 [main] INFO  com.alibaba.nacos.common.remote.client - [RpcClientFactory] create a new rpc client of c23bf890-313f-4df8-9079-4f3a94090e2c
2024-11-20 14:36:28.992 [main] INFO  com.alibaba.nacos.common.remote.client - [c23bf890-313f-4df8-9079-4f3a94090e2c] RpcClient init, ServerListFactory = com.alibaba.nacos.client.naming.core.ServerListManager
2024-11-20 14:36:28.992 [main] INFO  com.alibaba.nacos.common.remote.client - [c23bf890-313f-4df8-9079-4f3a94090e2c] Registry connection listener to current client:com.alibaba.nacos.client.naming.remote.gprc.redo.NamingGrpcRedoService
2024-11-20 14:36:28.993 [main] INFO  com.alibaba.nacos.common.remote.client - [c23bf890-313f-4df8-9079-4f3a94090e2c] Register server push request handler:com.alibaba.nacos.client.naming.remote.gprc.NamingPushRequestHandler
2024-11-20 14:36:28.994 [main] INFO  com.alibaba.nacos.common.remote.client - [c23bf890-313f-4df8-9079-4f3a94090e2c] Try to connect to server on start up, server: {serverIp = '127.0.0.1', server main port = 8848}
2024-11-20 14:36:28.995 [main] INFO  c.a.nacos.common.remote.client.grpc.GrpcClient - grpc client connection server:127.0.0.1 ip,serverPort:9848,grpcTslConfig:{"sslProvider":"OPENSSL","enableTls":false,"mutualAuthEnable":false,"trustAll":false}
2024-11-20 14:36:29.138 [main] INFO  com.alibaba.nacos.common.remote.client - [c23bf890-313f-4df8-9079-4f3a94090e2c] Success to connect to server [127.0.0.1:8848] on start up, connectionId = 1732084589013_172.17.0.1_59474
2024-11-20 14:36:29.138 [main] INFO  com.alibaba.nacos.common.remote.client - [c23bf890-313f-4df8-9079-4f3a94090e2c] Register server push request handler:com.alibaba.nacos.common.remote.client.RpcClient$ConnectResetRequestHandler
2024-11-20 14:36:29.138 [com.alibaba.nacos.client.remote.worker] INFO  com.alibaba.nacos.common.remote.client - [c23bf890-313f-4df8-9079-4f3a94090e2c] Notify connected event to listeners.
2024-11-20 14:36:29.139 [main] INFO  com.alibaba.nacos.common.remote.client - [c23bf890-313f-4df8-9079-4f3a94090e2c] Register server push request handler:com.alibaba.nacos.common.remote.client.RpcClient$$Lambda$595/0x0000015c814ee1c8
2024-11-20 14:36:29.139 [com.alibaba.nacos.client.remote.worker] INFO  com.alibaba.nacos.client.naming - Grpc connection connect
2024-11-20 14:36:29.142 [main] INFO  com.alibaba.nacos.client.naming - [REGISTER-SERVICE] airrowing registering service airrowing-auth with instance Instance{instanceId='null', ip='192.168.81.1', port=7080, weight=1.0, healthy=true, enabled=true, ephemeral=true, clusterName='DEFAULT', serviceName='null', metadata={IPv6=[2001:da8:8002:6bd1:e0c8:dcb8:2421:d87e], preserved.register.source=SPRING_CLOUD}}
2024-11-20 14:36:29.182 [main] INFO  c.a.cloud.nacos.registry.NacosServiceRegistry - nacos registry, DEFAULT_GROUP airrowing-auth 192.168.81.1:7080 register finished
2024-11-20 14:36:30.509 [main] INFO  org.springframework.cloud.commons.util.InetUtils - Cannot determine local hostname
2024-11-20 14:36:30.528 [main] INFO  c.tongji.airrowing.auth.AirrowingAuthApplication - Started AirrowingAuthApplication in 15.868 seconds (process running for 18.608)
2024-11-20 14:36:30.533 [main] INFO  com.alibaba.nacos.client.config.impl.CacheData - nacos.cache.data.init.snapshot = true 
2024-11-20 14:36:30.535 [main] INFO  com.alibaba.nacos.client.config.impl.ClientWorker - [fixed-airrowing-127.0.0.1_8848] [subscribe] airrowing-auth-dev.yaml+DEFAULT_GROUP+airrowing
2024-11-20 14:36:30.546 [main] INFO  com.alibaba.nacos.client.config.impl.CacheData - [fixed-airrowing-127.0.0.1_8848] [add-listener] ok, tenant=airrowing, dataId=airrowing-auth-dev.yaml, group=DEFAULT_GROUP, cnt=1
2024-11-20 14:36:30.547 [main] INFO  c.a.cloud.nacos.refresh.NacosContextRefresher - [Nacos Config] Listening config: dataId=airrowing-auth-dev.yaml, group=DEFAULT_GROUP
2024-11-20 14:36:30.547 [main] INFO  com.alibaba.nacos.client.config.impl.ClientWorker - [fixed-airrowing-127.0.0.1_8848] [subscribe] airrowing-auth.yaml+DEFAULT_GROUP+airrowing
2024-11-20 14:36:30.547 [main] INFO  com.alibaba.nacos.client.config.impl.CacheData - [fixed-airrowing-127.0.0.1_8848] [add-listener] ok, tenant=airrowing, dataId=airrowing-auth.yaml, group=DEFAULT_GROUP, cnt=1
2024-11-20 14:36:30.547 [main] INFO  c.a.cloud.nacos.refresh.NacosContextRefresher - [Nacos Config] Listening config: dataId=airrowing-auth.yaml, group=DEFAULT_GROUP
2024-11-20 14:36:30.549 [main] INFO  com.alibaba.nacos.client.config.impl.ClientWorker - [fixed-airrowing-127.0.0.1_8848] [subscribe] airrowing-auth+DEFAULT_GROUP+airrowing
2024-11-20 14:36:30.549 [main] INFO  com.alibaba.nacos.client.config.impl.CacheData - [fixed-airrowing-127.0.0.1_8848] [add-listener] ok, tenant=airrowing, dataId=airrowing-auth, group=DEFAULT_GROUP, cnt=1
2024-11-20 14:36:30.549 [main] INFO  c.a.cloud.nacos.refresh.NacosContextRefresher - [Nacos Config] Listening config: dataId=airrowing-auth, group=DEFAULT_GROUP
2024-11-20 14:41:39.031 [Thread-2] WARN  c.alibaba.nacos.common.http.HttpClientBeanHolder - [HttpClientBeanHolder] Start destroying common HttpClient
2024-11-20 14:41:39.031 [Thread-9] WARN  com.alibaba.nacos.common.notify.NotifyCenter - [NotifyCenter] Start destroying Publisher
2024-11-20 14:41:39.031 [Thread-9] WARN  com.alibaba.nacos.common.notify.NotifyCenter - [NotifyCenter] Destruction of the end
2024-11-20 14:41:39.032 [Thread-2] WARN  c.alibaba.nacos.common.http.HttpClientBeanHolder - [HttpClientBeanHolder] Destruction of the end
2024-11-20 14:41:39.050 [SpringApplicationShutdownHook] INFO  c.a.cloud.nacos.registry.NacosServiceRegistry - De-registering from Nacos Server now...
2024-11-20 14:41:39.050 [SpringApplicationShutdownHook] INFO  com.alibaba.nacos.client.naming - [DEREGISTER-SERVICE] airrowing deregistering service airrowing-auth with instance: Instance{instanceId='null', ip='192.168.81.1', port=7080, weight=1.0, healthy=true, enabled=true, ephemeral=true, clusterName='DEFAULT', serviceName='null', metadata={}}
2024-11-20 14:41:39.057 [SpringApplicationShutdownHook] INFO  c.a.cloud.nacos.registry.NacosServiceRegistry - De-registration finished.
2024-11-20 14:41:39.057 [SpringApplicationShutdownHook] INFO  com.alibaba.nacos.client.naming - com.alibaba.nacos.client.naming.cache.ServiceInfoHolder do shutdown begin
2024-11-20 14:41:39.057 [SpringApplicationShutdownHook] INFO  com.alibaba.nacos.client.naming - com.alibaba.nacos.client.naming.backups.FailoverReactor do shutdown begin
2024-11-20 14:41:39.058 [SpringApplicationShutdownHook] INFO  com.alibaba.nacos.client.naming - com.alibaba.nacos.client.naming.backups.FailoverReactor do shutdown stop
2024-11-20 14:41:39.058 [SpringApplicationShutdownHook] INFO  com.alibaba.nacos.client.naming - com.alibaba.nacos.client.naming.cache.ServiceInfoHolder do shutdown stop
2024-11-20 14:41:39.058 [SpringApplicationShutdownHook] INFO  com.alibaba.nacos.client.naming - com.alibaba.nacos.client.naming.remote.NamingClientProxyDelegate do shutdown begin
2024-11-20 14:41:39.058 [SpringApplicationShutdownHook] INFO  com.alibaba.nacos.client.naming - com.alibaba.nacos.client.naming.core.ServiceInfoUpdateService do shutdown begin
2024-11-20 14:41:39.058 [SpringApplicationShutdownHook] INFO  com.alibaba.nacos.client.naming - com.alibaba.nacos.client.naming.core.ServiceInfoUpdateService do shutdown stop
2024-11-20 14:41:39.058 [SpringApplicationShutdownHook] INFO  com.alibaba.nacos.client.naming - com.alibaba.nacos.client.naming.core.ServerListManager do shutdown begin
2024-11-20 14:41:39.058 [SpringApplicationShutdownHook] WARN  com.alibaba.nacos.client.naming - [NamingHttpClientManager] Start destroying NacosRestTemplate
2024-11-20 14:41:39.058 [SpringApplicationShutdownHook] WARN  com.alibaba.nacos.client.naming - [NamingHttpClientManager] Destruction of the end
2024-11-20 14:41:39.058 [SpringApplicationShutdownHook] INFO  com.alibaba.nacos.client.naming - com.alibaba.nacos.client.naming.core.ServerListManager do shutdown stop
2024-11-20 14:41:39.058 [SpringApplicationShutdownHook] INFO  com.alibaba.nacos.client.naming - com.alibaba.nacos.client.naming.remote.http.NamingHttpClientProxy do shutdown begin
2024-11-20 14:41:39.058 [SpringApplicationShutdownHook] WARN  com.alibaba.nacos.client.naming - [NamingHttpClientManager] Start destroying NacosRestTemplate
2024-11-20 14:41:39.058 [SpringApplicationShutdownHook] WARN  com.alibaba.nacos.client.naming - [NamingHttpClientManager] Destruction of the end
2024-11-20 14:41:39.058 [SpringApplicationShutdownHook] INFO  com.alibaba.nacos.client.naming - com.alibaba.nacos.client.naming.remote.http.NamingHttpClientProxy do shutdown stop
2024-11-20 14:41:39.058 [SpringApplicationShutdownHook] INFO  com.alibaba.nacos.common.remote.client - Shutdown rpc client, set status to shutdown
2024-11-20 14:41:39.058 [SpringApplicationShutdownHook] INFO  com.alibaba.nacos.common.remote.client - Shutdown client event executor java.util.concurrent.ScheduledThreadPoolExecutor@5310dfeb[Running, pool size = 2, active threads = 2, queued tasks = 0, completed tasks = 0]
2024-11-20 14:41:39.058 [SpringApplicationShutdownHook] INFO  com.alibaba.nacos.common.remote.client - Close current connection 1732084589013_172.17.0.1_59474
2024-11-20 14:41:39.062 [nacos-grpc-client-executor-127.0.0.1-70] INFO  c.a.nacos.common.remote.client.grpc.GrpcClient - [1732084589013_172.17.0.1_59474]Ignore complete event,isRunning:false,isAbandon=false
2024-11-20 14:41:39.063 [SpringApplicationShutdownHook] INFO  c.a.nacos.common.remote.client.grpc.GrpcClient - Shutdown grpc executor java.util.concurrent.ThreadPoolExecutor@60df1bb8[Running, pool size = 4, active threads = 0, queued tasks = 0, completed tasks = 71]
2024-11-20 14:41:39.064 [SpringApplicationShutdownHook] INFO  com.alibaba.nacos.client.naming - Shutdown grpc redo service executor java.util.concurrent.ScheduledThreadPoolExecutor@292740e0[Running, pool size = 1, active threads = 0, queued tasks = 1, completed tasks = 99]
2024-11-20 14:41:39.064 [SpringApplicationShutdownHook] INFO  c.a.n.client.auth.ram.identify.CredentialWatcher - [null] CredentialWatcher is stopped
2024-11-20 14:41:39.064 [SpringApplicationShutdownHook] INFO  c.a.n.client.auth.ram.identify.CredentialService - [null] CredentialService is freed
2024-11-20 14:41:39.064 [SpringApplicationShutdownHook] INFO  com.alibaba.nacos.client.naming - com.alibaba.nacos.client.naming.remote.NamingClientProxyDelegate do shutdown stop
