2025-04-02 17:14:08.466 [main] WARN  com.alibaba.nacos.client.logging.NacosLogging - Load Logback Configuration of Nacos fail, message: Could not initialize Logback Nacos logging from classpath:nacos-logback.xml
2025-04-02 17:14:08.490 [main] WARN  com.alibaba.nacos.client.logging.NacosLogging - Load Logback Configuration of Nacos fail, message: Could not initialize Logback Nacos logging from classpath:nacos-logback.xml
2025-04-02 17:14:08.613 [main] WARN  com.alibaba.nacos.client.logging.NacosLogging - Load Logback Configuration of Nacos fail, message: Could not initialize Logback Nacos logging from classpath:nacos-logback.xml
2025-04-02 17:14:08.619 [main] WARN  com.alibaba.nacos.client.logging.NacosLogging - Load Logback Configuration of Nacos fail, message: Could not initialize Logback Nacos logging from classpath:nacos-logback.xml
2025-04-02 17:14:08.620 [main] INFO  c.t.airrowing.club.biz.AirrowingClubBizApplication - The following 1 profile is active: "dev"
2025-04-02 17:14:08.883 [main] INFO  o.springframework.cloud.context.scope.GenericScope - BeanFactory id=df576d79-2133-3337-a4a7-94d13f7a65c3
2025-04-02 17:14:08.897 [main] INFO  o.s.c.s.PostProcessorRegistrationDelegate$BeanPostProcessorChecker - Bean 'com.tongji.airrowing.distributed.id.generator.api.DistributedIdGeneratorFeignApi' of type [org.springframework.cloud.openfeign.FeignClientFactoryBean] is not eligible for getting processed by all BeanPostProcessors (for example: not eligible for auto-proxying)
2025-04-02 17:14:09.084 [main] INFO  o.s.boot.web.embedded.tomcat.TomcatWebServer - Tomcat initialized with port(s): 7092 (http)
2025-04-02 17:14:09.089 [main] INFO  org.apache.catalina.core.StandardService - Starting service [Tomcat]
2025-04-02 17:14:09.089 [main] INFO  org.apache.catalina.core.StandardEngine - Starting Servlet engine: [Apache Tomcat/10.1.5]
2025-04-02 17:14:09.125 [main] INFO  o.a.c.core.ContainerBase.[Tomcat].[localhost].[/] - Initializing Spring embedded WebApplicationContext
2025-04-02 17:14:09.126 [main] INFO  o.s.b.w.s.c.ServletWebServerApplicationContext - Root WebApplicationContext: initialization completed in 500 ms
2025-04-02 17:14:09.166 [main] INFO  c.a.d.s.b.a.DruidDataSourceAutoConfigure - Init DruidDataSource
2025-04-02 17:14:11.608 [main] INFO  com.alibaba.druid.pool.DruidDataSource - {dataSource-1} inited
2025-04-02 17:14:11.775 [main] INFO  o.s.cloud.openfeign.FeignClientFactoryBean - For 'airrowing-distributed-id-generator' URL not provided. Will try picking an instance via load-balancing.
2025-04-02 17:14:11.972 [main] WARN  o.s.c.l.c.LoadBalancerCacheAutoConfiguration$LoadBalancerCaffeineWarnLogger - Spring Cloud LoadBalancer is currently working with the default cache. While this cache implementation is useful for development and tests, it's recommended to use Caffeine cache in production.You can switch to using Caffeine cache, by adding it and org.springframework.cache.caffeine.CaffeineCacheManager to the classpath.
2025-04-02 17:14:12.005 [main] INFO  o.s.boot.web.embedded.tomcat.TomcatWebServer - Tomcat started on port(s): 7092 (http) with context path ''
2025-04-02 17:14:12.008 [main] WARN  com.alibaba.nacos.client.logging.NacosLogging - Load Logback Configuration of Nacos fail, message: Could not initialize Logback Nacos logging from classpath:nacos-logback.xml
2025-04-02 17:14:12.008 [main] INFO  com.alibaba.nacos.client.naming - initializer namespace from ans.namespace attribute : null
2025-04-02 17:14:12.008 [main] INFO  com.alibaba.nacos.client.naming - initializer namespace from ALIBABA_ALIWARE_NAMESPACE attribute :null
2025-04-02 17:14:12.008 [main] INFO  com.alibaba.nacos.client.naming - initializer namespace from namespace attribute :null
2025-04-02 17:14:12.019 [main] INFO  com.alibaba.nacos.client.utils.ParamUtil - [settings] [req-serv] nacos-server port:8848
2025-04-02 17:14:12.020 [main] INFO  com.alibaba.nacos.client.utils.ParamUtil - [settings] [http-client] connect timeout:1000
2025-04-02 17:14:12.020 [main] INFO  com.alibaba.nacos.client.utils.ParamUtil - PER_TASK_CONFIG_SIZE: 3000.0
2025-04-02 17:14:12.022 [main] INFO  c.a.n.p.auth.spi.client.ClientAuthPluginManager - [ClientAuthPluginManager] Load ClientAuthService com.alibaba.nacos.client.auth.impl.NacosClientAuthServiceImpl success.
2025-04-02 17:14:12.022 [main] INFO  c.a.n.p.auth.spi.client.ClientAuthPluginManager - [ClientAuthPluginManager] Load ClientAuthService com.alibaba.nacos.client.auth.ram.RamClientAuthServiceImpl success.
2025-04-02 17:14:12.039 [main] INFO  c.a.n.client.auth.ram.identify.CredentialWatcher - null No credential found
2025-04-02 17:14:12.044 [main] INFO  com.alibaba.nacos.common.remote.client - [RpcClientFactory] create a new rpc client of 54e9b927-fd0f-414a-8f67-73a1a5ee0f4b
2025-04-02 17:14:12.052 [main] INFO  com.alibaba.nacos.common.remote.client - [54e9b927-fd0f-414a-8f67-73a1a5ee0f4b] RpcClient init, ServerListFactory = com.alibaba.nacos.client.naming.core.ServerListManager
2025-04-02 17:14:12.053 [main] INFO  com.alibaba.nacos.common.remote.client - [54e9b927-fd0f-414a-8f67-73a1a5ee0f4b] Registry connection listener to current client:com.alibaba.nacos.client.naming.remote.gprc.redo.NamingGrpcRedoService
2025-04-02 17:14:12.053 [main] INFO  com.alibaba.nacos.common.remote.client - [54e9b927-fd0f-414a-8f67-73a1a5ee0f4b] Register server push request handler:com.alibaba.nacos.client.naming.remote.gprc.NamingPushRequestHandler
2025-04-02 17:14:12.054 [main] INFO  com.alibaba.nacos.common.remote.client - [54e9b927-fd0f-414a-8f67-73a1a5ee0f4b] Try to connect to server on start up, server: {serverIp = '117.72.111.42', server main port = 8848}
2025-04-02 17:14:12.068 [main] INFO  c.a.nacos.common.remote.client.grpc.GrpcClient - grpc client connection server:117.72.111.42 ip,serverPort:9848,grpcTslConfig:{"sslProvider":"OPENSSL","enableTls":false,"mutualAuthEnable":false,"trustAll":false}
2025-04-02 17:14:12.599 [main] INFO  com.alibaba.nacos.common.remote.client - [54e9b927-fd0f-414a-8f67-73a1a5ee0f4b] Success to connect to server [117.72.111.42:8848] on start up, connectionId = 1743585252417_111.187.7.50_25809
2025-04-02 17:14:12.600 [com.alibaba.nacos.client.remote.worker] INFO  com.alibaba.nacos.common.remote.client - [54e9b927-fd0f-414a-8f67-73a1a5ee0f4b] Notify connected event to listeners.
2025-04-02 17:14:12.600 [com.alibaba.nacos.client.remote.worker] INFO  com.alibaba.nacos.client.naming - Grpc connection connect
2025-04-02 17:14:12.600 [main] INFO  com.alibaba.nacos.common.remote.client - [54e9b927-fd0f-414a-8f67-73a1a5ee0f4b] Register server push request handler:com.alibaba.nacos.common.remote.client.RpcClient$ConnectResetRequestHandler
2025-04-02 17:14:12.600 [main] INFO  com.alibaba.nacos.common.remote.client - [54e9b927-fd0f-414a-8f67-73a1a5ee0f4b] Register server push request handler:com.alibaba.nacos.common.remote.client.RpcClient$$Lambda$1106/0x0000000601839d70
2025-04-02 17:14:12.602 [main] INFO  com.alibaba.nacos.client.naming - [REGISTER-SERVICE] airrowing registering service airrowing-club with instance Instance{instanceId='null', ip='100.79.42.125', port=7092, weight=1.0, healthy=true, enabled=true, ephemeral=true, clusterName='DEFAULT', serviceName='null', metadata={IPv6=[2001:da8:8002:1bd1:41be:6f47:7b42:9530], preserved.register.source=SPRING_CLOUD}}
2025-04-02 17:14:12.649 [main] INFO  c.a.cloud.nacos.registry.NacosServiceRegistry - nacos registry, DEFAULT_GROUP airrowing-club 100.79.42.125:7092 register finished
2025-04-02 17:14:12.655 [main] INFO  c.t.airrowing.club.biz.AirrowingClubBizApplication - Started AirrowingClubBizApplication in 4.442 seconds (process running for 4.724)
2025-04-02 17:14:42.953 [Thread-10] WARN  c.alibaba.nacos.common.http.HttpClientBeanHolder - [HttpClientBeanHolder] Start destroying common HttpClient
2025-04-02 17:14:42.953 [Thread-7] WARN  com.alibaba.nacos.common.notify.NotifyCenter - [NotifyCenter] Start destroying Publisher
2025-04-02 17:14:42.953 [Thread-7] WARN  com.alibaba.nacos.common.notify.NotifyCenter - [NotifyCenter] Destruction of the end
2025-04-02 17:14:42.953 [Thread-10] WARN  c.alibaba.nacos.common.http.HttpClientBeanHolder - [HttpClientBeanHolder] Destruction of the end
2025-04-02 17:14:43.980 [SpringApplicationShutdownHook] INFO  c.a.cloud.nacos.registry.NacosServiceRegistry - De-registering from Nacos Server now...
2025-04-02 17:14:43.980 [SpringApplicationShutdownHook] INFO  com.alibaba.nacos.client.naming - [DEREGISTER-SERVICE] airrowing deregistering service airrowing-club with instance: Instance{instanceId='null', ip='100.79.42.125', port=7092, weight=1.0, healthy=true, enabled=true, ephemeral=true, clusterName='DEFAULT', serviceName='null', metadata={}}
2025-04-02 17:14:44.018 [SpringApplicationShutdownHook] INFO  c.a.cloud.nacos.registry.NacosServiceRegistry - De-registration finished.
2025-04-02 17:14:44.018 [SpringApplicationShutdownHook] INFO  com.alibaba.nacos.client.naming - com.alibaba.nacos.client.naming.cache.ServiceInfoHolder do shutdown begin
2025-04-02 17:14:44.018 [SpringApplicationShutdownHook] INFO  com.alibaba.nacos.client.naming - com.alibaba.nacos.client.naming.backups.FailoverReactor do shutdown begin
2025-04-02 17:14:44.018 [SpringApplicationShutdownHook] INFO  com.alibaba.nacos.client.naming - com.alibaba.nacos.client.naming.backups.FailoverReactor do shutdown stop
2025-04-02 17:14:44.019 [SpringApplicationShutdownHook] INFO  com.alibaba.nacos.client.naming - com.alibaba.nacos.client.naming.cache.ServiceInfoHolder do shutdown stop
2025-04-02 17:14:44.019 [SpringApplicationShutdownHook] INFO  com.alibaba.nacos.client.naming - com.alibaba.nacos.client.naming.remote.NamingClientProxyDelegate do shutdown begin
2025-04-02 17:14:44.019 [SpringApplicationShutdownHook] INFO  com.alibaba.nacos.client.naming - com.alibaba.nacos.client.naming.core.ServiceInfoUpdateService do shutdown begin
2025-04-02 17:14:44.019 [SpringApplicationShutdownHook] INFO  com.alibaba.nacos.client.naming - com.alibaba.nacos.client.naming.core.ServiceInfoUpdateService do shutdown stop
2025-04-02 17:14:44.019 [SpringApplicationShutdownHook] INFO  com.alibaba.nacos.client.naming - com.alibaba.nacos.client.naming.core.ServerListManager do shutdown begin
2025-04-02 17:14:44.019 [SpringApplicationShutdownHook] WARN  com.alibaba.nacos.client.naming - [NamingHttpClientManager] Start destroying NacosRestTemplate
2025-04-02 17:14:44.019 [SpringApplicationShutdownHook] WARN  com.alibaba.nacos.client.naming - [NamingHttpClientManager] Destruction of the end
2025-04-02 17:14:44.019 [SpringApplicationShutdownHook] INFO  com.alibaba.nacos.client.naming - com.alibaba.nacos.client.naming.core.ServerListManager do shutdown stop
2025-04-02 17:14:44.019 [SpringApplicationShutdownHook] INFO  com.alibaba.nacos.client.naming - com.alibaba.nacos.client.naming.remote.http.NamingHttpClientProxy do shutdown begin
2025-04-02 17:14:44.019 [SpringApplicationShutdownHook] WARN  com.alibaba.nacos.client.naming - [NamingHttpClientManager] Start destroying NacosRestTemplate
2025-04-02 17:14:44.019 [SpringApplicationShutdownHook] WARN  com.alibaba.nacos.client.naming - [NamingHttpClientManager] Destruction of the end
2025-04-02 17:14:44.019 [SpringApplicationShutdownHook] INFO  com.alibaba.nacos.client.naming - com.alibaba.nacos.client.naming.remote.http.NamingHttpClientProxy do shutdown stop
2025-04-02 17:14:44.019 [SpringApplicationShutdownHook] INFO  com.alibaba.nacos.common.remote.client - Shutdown rpc client, set status to shutdown
2025-04-02 17:14:44.019 [SpringApplicationShutdownHook] INFO  com.alibaba.nacos.common.remote.client - Shutdown client event executor java.util.concurrent.ScheduledThreadPoolExecutor@11109fd8[Running, pool size = 2, active threads = 2, queued tasks = 0, completed tasks = 0]
2025-04-02 17:14:44.019 [SpringApplicationShutdownHook] INFO  com.alibaba.nacos.common.remote.client - Close current connection 1743585252417_111.187.7.50_25809
2025-04-02 17:14:44.021 [nacos-grpc-client-executor-117.72.111.42-26] WARN  c.a.nacos.common.remote.client.grpc.GrpcClient - [1743585252417_111.187.7.50_25809]Ignore error event,isRunning:false,isAbandon=false
2025-04-02 17:14:44.026 [SpringApplicationShutdownHook] INFO  c.a.nacos.common.remote.client.grpc.GrpcClient - Shutdown grpc executor java.util.concurrent.ThreadPoolExecutor@67389bd6[Running, pool size = 9, active threads = 0, queued tasks = 0, completed tasks = 27]
2025-04-02 17:14:44.026 [SpringApplicationShutdownHook] INFO  com.alibaba.nacos.client.naming - Shutdown grpc redo service executor java.util.concurrent.ScheduledThreadPoolExecutor@d4506b1[Running, pool size = 1, active threads = 0, queued tasks = 1, completed tasks = 10]
2025-04-02 17:14:44.026 [SpringApplicationShutdownHook] INFO  c.a.n.client.auth.ram.identify.CredentialWatcher - [null] CredentialWatcher is stopped
2025-04-02 17:14:44.026 [SpringApplicationShutdownHook] INFO  c.a.n.client.auth.ram.identify.CredentialService - [null] CredentialService is freed
2025-04-02 17:14:44.026 [SpringApplicationShutdownHook] INFO  com.alibaba.nacos.client.naming - com.alibaba.nacos.client.naming.remote.NamingClientProxyDelegate do shutdown stop
2025-04-02 17:14:44.029 [SpringApplicationShutdownHook] INFO  com.alibaba.druid.pool.DruidDataSource - {dataSource-1} closing ...
2025-04-02 17:14:44.032 [SpringApplicationShutdownHook] INFO  com.alibaba.druid.pool.DruidDataSource - {dataSource-1} closed
