2025-06-01 21:44:45.874 [main] WARN  com.alibaba.nacos.client.logging.NacosLogging - Load Logback Configuration of Nacos fail, message: Could not initialize Logback Nacos logging from classpath:nacos-logback.xml
2025-06-01 21:44:45.900 [main] WARN  com.alibaba.nacos.client.logging.NacosLogging - Load Logback Configuration of Nacos fail, message: Could not initialize Logback Nacos logging from classpath:nacos-logback.xml
2025-06-01 21:44:46.049 [main] WARN  com.alibaba.nacos.client.logging.NacosLogging - Load Logback Configuration of Nacos fail, message: Could not initialize Logback Nacos logging from classpath:nacos-logback.xml
2025-06-01 21:44:46.055 [main] WARN  com.alibaba.nacos.client.logging.NacosLogging - Load Logback Configuration of Nacos fail, message: Could not initialize Logback Nacos logging from classpath:nacos-logback.xml
2025-06-01 21:44:46.056 [main] INFO  c.t.a.d.i.g.b.AirrowingDistributedIdGeneratorBizApplication - The following 1 profile is active: "dev"
2025-06-01 21:44:46.262 [main] INFO  o.springframework.cloud.context.scope.GenericScope - BeanFactory id=5535c2c7-7fcd-3a0e-80d6-321a34808f26
2025-06-01 21:44:46.378 [main] INFO  o.s.boot.web.embedded.tomcat.TomcatWebServer - Tomcat initialized with port(s): 7085 (http)
2025-06-01 21:44:46.383 [main] INFO  org.apache.catalina.core.StandardService - Starting service [Tomcat]
2025-06-01 21:44:46.383 [main] INFO  org.apache.catalina.core.StandardEngine - Starting Servlet engine: [Apache Tomcat/10.1.5]
2025-06-01 21:44:46.436 [main] INFO  o.a.c.core.ContainerBase.[Tomcat].[localhost].[/] - Initializing Spring embedded WebApplicationContext
2025-06-01 21:44:46.437 [main] INFO  o.s.b.w.s.c.ServletWebServerApplicationContext - Root WebApplicationContext: initialization completed in 376 ms
2025-06-01 21:44:46.529 [main] INFO  c.t.a.d.i.g.biz.core.segment.SegmentIDGenImpl - Init ...
2025-06-01 21:44:46.529 [main] INFO  c.t.a.d.i.g.biz.core.segment.SegmentIDGenImpl - update cache from db
2025-06-01 21:44:47.446 [main] INFO  c.t.a.d.i.g.biz.core.segment.SegmentIDGenImpl - Add tag leaf-segment-airrowing-id from db to IdCache, SegmentBuffer SegmentBuffer{key='leaf-segment-airrowing-id', segments=[Segment(value:0,max:0,step:0), Segment(value:0,max:0,step:0)], currentPos=0, nextReady=false, initOk=false, threadRunning=false, step=0, minStep=0, updateTimestamp=0}
2025-06-01 21:44:47.446 [main] INFO  c.t.a.d.i.g.biz.core.segment.SegmentIDGenImpl - Add tag leaf-segment-test from db to IdCache, SegmentBuffer SegmentBuffer{key='leaf-segment-test', segments=[Segment(value:0,max:0,step:0), Segment(value:0,max:0,step:0)], currentPos=0, nextReady=false, initOk=false, threadRunning=false, step=0, minStep=0, updateTimestamp=0}
2025-06-01 21:44:47.446 [main] INFO  c.t.a.d.i.g.biz.core.segment.SegmentIDGenImpl - Add tag leaf-segment-user-id from db to IdCache, SegmentBuffer SegmentBuffer{key='leaf-segment-user-id', segments=[Segment(value:0,max:0,step:0), Segment(value:0,max:0,step:0)], currentPos=0, nextReady=false, initOk=false, threadRunning=false, step=0, minStep=0, updateTimestamp=0}
2025-06-01 21:44:47.446 [main] INFO  org.perf4j.TimingLogger - start[1748785486530] time[916] tag[updateCacheFromDb]
2025-06-01 21:44:47.447 [main] INFO  c.t.a.d.id.generator.biz.service.SegmentService - Segment Service Init Successfully
2025-06-01 21:44:47.448 [main] INFO  c.t.a.d.id.generator.biz.service.SnowflakeService - Zero ID Gen Service Init Successfully
2025-06-01 21:44:47.625 [main] INFO  o.s.boot.web.embedded.tomcat.TomcatWebServer - Tomcat started on port(s): 7085 (http) with context path ''
2025-06-01 21:44:47.629 [main] WARN  com.alibaba.nacos.client.logging.NacosLogging - Load Logback Configuration of Nacos fail, message: Could not initialize Logback Nacos logging from classpath:nacos-logback.xml
2025-06-01 21:44:47.629 [main] INFO  com.alibaba.nacos.client.naming - initializer namespace from ans.namespace attribute : null
2025-06-01 21:44:47.629 [main] INFO  com.alibaba.nacos.client.naming - initializer namespace from ALIBABA_ALIWARE_NAMESPACE attribute :null
2025-06-01 21:44:47.629 [main] INFO  com.alibaba.nacos.client.naming - initializer namespace from namespace attribute :null
2025-06-01 21:44:47.640 [main] INFO  com.alibaba.nacos.client.utils.ParamUtil - [settings] [req-serv] nacos-server port:8848
2025-06-01 21:44:47.640 [main] INFO  com.alibaba.nacos.client.utils.ParamUtil - [settings] [http-client] connect timeout:1000
2025-06-01 21:44:47.640 [main] INFO  com.alibaba.nacos.client.utils.ParamUtil - PER_TASK_CONFIG_SIZE: 3000.0
2025-06-01 21:44:47.642 [main] INFO  c.a.n.p.auth.spi.client.ClientAuthPluginManager - [ClientAuthPluginManager] Load ClientAuthService com.alibaba.nacos.client.auth.impl.NacosClientAuthServiceImpl success.
2025-06-01 21:44:47.642 [main] INFO  c.a.n.p.auth.spi.client.ClientAuthPluginManager - [ClientAuthPluginManager] Load ClientAuthService com.alibaba.nacos.client.auth.ram.RamClientAuthServiceImpl success.
2025-06-01 21:44:47.658 [main] INFO  c.a.n.client.auth.ram.identify.CredentialWatcher - null No credential found
2025-06-01 21:44:47.662 [main] INFO  com.alibaba.nacos.common.remote.client - [RpcClientFactory] create a new rpc client of 8897029a-752b-4759-9caa-763408ae647c
2025-06-01 21:44:47.669 [main] INFO  com.alibaba.nacos.common.remote.client - [8897029a-752b-4759-9caa-763408ae647c] RpcClient init, ServerListFactory = com.alibaba.nacos.client.naming.core.ServerListManager
2025-06-01 21:44:47.669 [main] INFO  com.alibaba.nacos.common.remote.client - [8897029a-752b-4759-9caa-763408ae647c] Registry connection listener to current client:com.alibaba.nacos.client.naming.remote.gprc.redo.NamingGrpcRedoService
2025-06-01 21:44:47.669 [main] INFO  com.alibaba.nacos.common.remote.client - [8897029a-752b-4759-9caa-763408ae647c] Register server push request handler:com.alibaba.nacos.client.naming.remote.gprc.NamingPushRequestHandler
2025-06-01 21:44:47.670 [main] INFO  com.alibaba.nacos.common.remote.client - [8897029a-752b-4759-9caa-763408ae647c] Try to connect to server on start up, server: {serverIp = '117.72.111.42', server main port = 8848}
2025-06-01 21:44:47.683 [main] INFO  c.a.nacos.common.remote.client.grpc.GrpcClient - grpc client connection server:117.72.111.42 ip,serverPort:9848,grpcTslConfig:{"sslProvider":"OPENSSL","enableTls":false,"mutualAuthEnable":false,"trustAll":false}
2025-06-01 21:44:48.210 [main] INFO  com.alibaba.nacos.common.remote.client - [8897029a-752b-4759-9caa-763408ae647c] Success to connect to server [117.72.111.42:8848] on start up, connectionId = 1748785488178_58.247.243.215_2585
2025-06-01 21:44:48.211 [com.alibaba.nacos.client.remote.worker] INFO  com.alibaba.nacos.common.remote.client - [8897029a-752b-4759-9caa-763408ae647c] Notify connected event to listeners.
2025-06-01 21:44:48.211 [com.alibaba.nacos.client.remote.worker] INFO  com.alibaba.nacos.client.naming - Grpc connection connect
2025-06-01 21:44:48.211 [main] INFO  com.alibaba.nacos.common.remote.client - [8897029a-752b-4759-9caa-763408ae647c] Register server push request handler:com.alibaba.nacos.common.remote.client.RpcClient$ConnectResetRequestHandler
2025-06-01 21:44:48.211 [main] INFO  com.alibaba.nacos.common.remote.client - [8897029a-752b-4759-9caa-763408ae647c] Register server push request handler:com.alibaba.nacos.common.remote.client.RpcClient$$Lambda$953/0x00000080016e8f78
2025-06-01 21:44:48.212 [main] INFO  com.alibaba.nacos.client.naming - [REGISTER-SERVICE] airrowing registering service airrowing-distributed-id-generator with instance Instance{instanceId='null', ip='100.76.112.69', port=7085, weight=1.0, healthy=true, enabled=true, ephemeral=true, clusterName='DEFAULT', serviceName='null', metadata={IPv6=null, preserved.register.source=SPRING_CLOUD}}
2025-06-01 21:44:48.390 [main] INFO  c.a.cloud.nacos.registry.NacosServiceRegistry - nacos registry, DEFAULT_GROUP airrowing-distributed-id-generator 100.76.112.69:7085 register finished
2025-06-01 21:44:48.396 [main] INFO  c.t.a.d.i.g.b.AirrowingDistributedIdGeneratorBizApplication - Started AirrowingDistributedIdGeneratorBizApplication in 2.861 seconds (process running for 3.093)
2025-06-01 21:45:39.262 [Thread-8] WARN  com.alibaba.nacos.common.notify.NotifyCenter - [NotifyCenter] Start destroying Publisher
2025-06-01 21:45:39.263 [Thread-11] WARN  c.alibaba.nacos.common.http.HttpClientBeanHolder - [HttpClientBeanHolder] Start destroying common HttpClient
2025-06-01 21:45:39.265 [Thread-8] WARN  com.alibaba.nacos.common.notify.NotifyCenter - [NotifyCenter] Destruction of the end
2025-06-01 21:45:39.268 [Thread-11] WARN  c.alibaba.nacos.common.http.HttpClientBeanHolder - [HttpClientBeanHolder] Destruction of the end
2025-06-01 21:45:40.305 [SpringApplicationShutdownHook] INFO  c.a.cloud.nacos.registry.NacosServiceRegistry - De-registering from Nacos Server now...
2025-06-01 21:45:40.305 [SpringApplicationShutdownHook] INFO  com.alibaba.nacos.client.naming - [DEREGISTER-SERVICE] airrowing deregistering service airrowing-distributed-id-generator with instance: Instance{instanceId='null', ip='100.76.112.69', port=7085, weight=1.0, healthy=true, enabled=true, ephemeral=true, clusterName='DEFAULT', serviceName='null', metadata={}}
2025-06-01 21:45:40.352 [SpringApplicationShutdownHook] INFO  c.a.cloud.nacos.registry.NacosServiceRegistry - De-registration finished.
2025-06-01 21:45:40.353 [SpringApplicationShutdownHook] INFO  com.alibaba.nacos.client.naming - com.alibaba.nacos.client.naming.cache.ServiceInfoHolder do shutdown begin
2025-06-01 21:45:40.353 [SpringApplicationShutdownHook] INFO  com.alibaba.nacos.client.naming - com.alibaba.nacos.client.naming.backups.FailoverReactor do shutdown begin
2025-06-01 21:45:40.353 [SpringApplicationShutdownHook] INFO  com.alibaba.nacos.client.naming - com.alibaba.nacos.client.naming.backups.FailoverReactor do shutdown stop
2025-06-01 21:45:40.353 [SpringApplicationShutdownHook] INFO  com.alibaba.nacos.client.naming - com.alibaba.nacos.client.naming.cache.ServiceInfoHolder do shutdown stop
2025-06-01 21:45:40.353 [SpringApplicationShutdownHook] INFO  com.alibaba.nacos.client.naming - com.alibaba.nacos.client.naming.remote.NamingClientProxyDelegate do shutdown begin
2025-06-01 21:45:40.353 [SpringApplicationShutdownHook] INFO  com.alibaba.nacos.client.naming - com.alibaba.nacos.client.naming.core.ServiceInfoUpdateService do shutdown begin
2025-06-01 21:45:40.353 [SpringApplicationShutdownHook] INFO  com.alibaba.nacos.client.naming - com.alibaba.nacos.client.naming.core.ServiceInfoUpdateService do shutdown stop
2025-06-01 21:45:40.353 [SpringApplicationShutdownHook] INFO  com.alibaba.nacos.client.naming - com.alibaba.nacos.client.naming.core.ServerListManager do shutdown begin
2025-06-01 21:45:40.353 [SpringApplicationShutdownHook] WARN  com.alibaba.nacos.client.naming - [NamingHttpClientManager] Start destroying NacosRestTemplate
2025-06-01 21:45:40.353 [SpringApplicationShutdownHook] WARN  com.alibaba.nacos.client.naming - [NamingHttpClientManager] Destruction of the end
2025-06-01 21:45:40.353 [SpringApplicationShutdownHook] INFO  com.alibaba.nacos.client.naming - com.alibaba.nacos.client.naming.core.ServerListManager do shutdown stop
2025-06-01 21:45:40.354 [SpringApplicationShutdownHook] INFO  com.alibaba.nacos.client.naming - com.alibaba.nacos.client.naming.remote.http.NamingHttpClientProxy do shutdown begin
2025-06-01 21:45:40.354 [SpringApplicationShutdownHook] WARN  com.alibaba.nacos.client.naming - [NamingHttpClientManager] Start destroying NacosRestTemplate
2025-06-01 21:45:40.354 [SpringApplicationShutdownHook] WARN  com.alibaba.nacos.client.naming - [NamingHttpClientManager] Destruction of the end
2025-06-01 21:45:40.354 [SpringApplicationShutdownHook] INFO  com.alibaba.nacos.client.naming - com.alibaba.nacos.client.naming.remote.http.NamingHttpClientProxy do shutdown stop
2025-06-01 21:45:40.354 [SpringApplicationShutdownHook] INFO  com.alibaba.nacos.common.remote.client - Shutdown rpc client, set status to shutdown
2025-06-01 21:45:40.354 [SpringApplicationShutdownHook] INFO  com.alibaba.nacos.common.remote.client - Shutdown client event executor java.util.concurrent.ScheduledThreadPoolExecutor@4e0d3c8c[Running, pool size = 2, active threads = 2, queued tasks = 0, completed tasks = 0]
2025-06-01 21:45:40.354 [SpringApplicationShutdownHook] INFO  com.alibaba.nacos.common.remote.client - Close current connection 1748785488178_58.247.243.215_2585
2025-06-01 21:45:40.355 [nacos-grpc-client-executor-117.72.111.42-36] WARN  c.a.nacos.common.remote.client.grpc.GrpcClient - [1748785488178_58.247.243.215_2585]Ignore error event,isRunning:false,isAbandon=false
2025-06-01 21:45:40.356 [SpringApplicationShutdownHook] INFO  c.a.nacos.common.remote.client.grpc.GrpcClient - Shutdown grpc executor java.util.concurrent.ThreadPoolExecutor@70ba3fb5[Running, pool size = 10, active threads = 0, queued tasks = 0, completed tasks = 37]
2025-06-01 21:45:40.356 [SpringApplicationShutdownHook] INFO  com.alibaba.nacos.client.naming - Shutdown grpc redo service executor java.util.concurrent.ScheduledThreadPoolExecutor@6c56464e[Running, pool size = 1, active threads = 0, queued tasks = 1, completed tasks = 17]
2025-06-01 21:45:40.356 [SpringApplicationShutdownHook] INFO  c.a.n.client.auth.ram.identify.CredentialWatcher - [null] CredentialWatcher is stopped
2025-06-01 21:45:40.356 [SpringApplicationShutdownHook] INFO  c.a.n.client.auth.ram.identify.CredentialService - [null] CredentialService is freed
2025-06-01 21:45:40.357 [SpringApplicationShutdownHook] INFO  com.alibaba.nacos.client.naming - com.alibaba.nacos.client.naming.remote.NamingClientProxyDelegate do shutdown stop
