2024-11-20 14:36:14.506 [main] WARN  com.alibaba.nacos.client.logging.NacosLogging - Load Logback Configuration of Nacos fail, message: Could not initialize Logback Nacos logging from classpath:nacos-logback.xml
2024-11-20 14:36:14.615 [main] WARN  com.alibaba.nacos.client.logging.NacosLogging - Load Logback Configuration of Nacos fail, message: Could not initialize Logback Nacos logging from classpath:nacos-logback.xml
2024-11-20 14:36:16.285 [main] WARN  com.alibaba.nacos.client.logging.NacosLogging - Load Logback Configuration of Nacos fail, message: Could not initialize Logback Nacos logging from classpath:nacos-logback.xml
2024-11-20 14:36:16.312 [main] WARN  com.alibaba.nacos.client.logging.NacosLogging - Load Logback Configuration of Nacos fail, message: Could not initialize Logback Nacos logging from classpath:nacos-logback.xml
2024-11-20 14:36:16.313 [main] INFO  c.t.airrowing.kv.biz.AirrowingKVBizApplication - The following 1 profile is active: "dev"
2024-11-20 14:36:17.105 [main] INFO  o.s.d.r.config.RepositoryConfigurationDelegate - Bootstrapping Spring Data Reactive Cassandra repositories in DEFAULT mode.
2024-11-20 14:36:17.304 [main] INFO  o.s.d.r.config.RepositoryConfigurationDelegate - Finished Spring Data repository scanning in 193 ms. Found 0 Reactive Cassandra repository interfaces.
2024-11-20 14:36:17.311 [main] INFO  o.s.d.r.config.RepositoryConfigurationDelegate - Bootstrapping Spring Data Cassandra repositories in DEFAULT mode.
2024-11-20 14:36:17.344 [main] INFO  o.s.d.r.config.RepositoryConfigurationDelegate - Finished Spring Data repository scanning in 32 ms. Found 1 Cassandra repository interfaces.
2024-11-20 14:36:17.610 [main] INFO  o.springframework.cloud.context.scope.GenericScope - BeanFactory id=d6f700e1-8f09-3791-a90a-e391eb9b2913
2024-11-20 14:36:18.062 [main] INFO  o.s.boot.web.embedded.tomcat.TomcatWebServer - Tomcat initialized with port(s): 7084 (http)
2024-11-20 14:36:18.082 [main] INFO  org.apache.catalina.core.StandardService - Starting service [Tomcat]
2024-11-20 14:36:18.083 [main] INFO  org.apache.catalina.core.StandardEngine - Starting Servlet engine: [Apache Tomcat/10.1.5]
2024-11-20 14:36:18.228 [main] INFO  o.a.c.core.ContainerBase.[Tomcat].[localhost].[/] - Initializing Spring embedded WebApplicationContext
2024-11-20 14:36:18.229 [main] INFO  o.s.b.w.s.c.ServletWebServerApplicationContext - Root WebApplicationContext: initialization completed in 1894 ms
2024-11-20 14:36:18.763 [main] INFO  c.d.o.driver.internal.core.DefaultMavenCoordinates - DataStax Java driver for Apache Cassandra(R) (com.datastax.oss:java-driver-core) version 4.15.0
2024-11-20 14:36:19.486 [s0-admin-0] INFO  com.datastax.oss.driver.internal.core.time.Clock - Using native clock for microsecond precision
2024-11-20 14:36:20.389 [s1-admin-0] INFO  com.datastax.oss.driver.internal.core.time.Clock - Using native clock for microsecond precision
2024-11-20 14:36:22.695 [main] INFO  org.springframework.cloud.commons.util.InetUtils - Cannot determine local hostname
2024-11-20 14:36:24.085 [main] INFO  org.springframework.cloud.commons.util.InetUtils - Cannot determine local hostname
2024-11-20 14:36:24.155 [main] WARN  o.s.c.l.c.LoadBalancerCacheAutoConfiguration$LoadBalancerCaffeineWarnLogger - Spring Cloud LoadBalancer is currently working with the default cache. While this cache implementation is useful for development and tests, it's recommended to use Caffeine cache in production.You can switch to using Caffeine cache, by adding it and org.springframework.cache.caffeine.CaffeineCacheManager to the classpath.
2024-11-20 14:36:24.283 [main] INFO  o.s.boot.web.embedded.tomcat.TomcatWebServer - Tomcat started on port(s): 7084 (http) with context path ''
2024-11-20 14:36:24.298 [main] WARN  com.alibaba.nacos.client.logging.NacosLogging - Load Logback Configuration of Nacos fail, message: Could not initialize Logback Nacos logging from classpath:nacos-logback.xml
2024-11-20 14:36:24.298 [main] INFO  com.alibaba.nacos.client.naming - initializer namespace from ans.namespace attribute : null
2024-11-20 14:36:24.299 [main] INFO  com.alibaba.nacos.client.naming - initializer namespace from ALIBABA_ALIWARE_NAMESPACE attribute :null
2024-11-20 14:36:24.300 [main] INFO  com.alibaba.nacos.client.naming - initializer namespace from namespace attribute :null
2024-11-20 14:36:24.343 [main] INFO  com.alibaba.nacos.client.utils.ParamUtil - [settings] [req-serv] nacos-server port:8848
2024-11-20 14:36:24.344 [main] INFO  com.alibaba.nacos.client.utils.ParamUtil - [settings] [http-client] connect timeout:1000
2024-11-20 14:36:24.345 [main] INFO  com.alibaba.nacos.client.utils.ParamUtil - PER_TASK_CONFIG_SIZE: 3000.0
2024-11-20 14:36:24.354 [main] INFO  c.a.n.p.auth.spi.client.ClientAuthPluginManager - [ClientAuthPluginManager] Load ClientAuthService com.alibaba.nacos.client.auth.impl.NacosClientAuthServiceImpl success.
2024-11-20 14:36:24.354 [main] INFO  c.a.n.p.auth.spi.client.ClientAuthPluginManager - [ClientAuthPluginManager] Load ClientAuthService com.alibaba.nacos.client.auth.ram.RamClientAuthServiceImpl success.
2024-11-20 14:36:24.360 [main] INFO  c.a.n.client.auth.ram.identify.CredentialWatcher - null No credential found
2024-11-20 14:36:24.378 [main] INFO  com.alibaba.nacos.common.remote.client - [RpcClientFactory] create a new rpc client of 080037cb-6fd6-4586-9ad5-3531599b24a1
2024-11-20 14:36:24.418 [main] INFO  com.alibaba.nacos.common.remote.client - [080037cb-6fd6-4586-9ad5-3531599b24a1] RpcClient init, ServerListFactory = com.alibaba.nacos.client.naming.core.ServerListManager
2024-11-20 14:36:24.418 [main] INFO  com.alibaba.nacos.common.remote.client - [080037cb-6fd6-4586-9ad5-3531599b24a1] Registry connection listener to current client:com.alibaba.nacos.client.naming.remote.gprc.redo.NamingGrpcRedoService
2024-11-20 14:36:24.419 [main] INFO  com.alibaba.nacos.common.remote.client - [080037cb-6fd6-4586-9ad5-3531599b24a1] Register server push request handler:com.alibaba.nacos.client.naming.remote.gprc.NamingPushRequestHandler
2024-11-20 14:36:24.424 [main] INFO  com.alibaba.nacos.common.remote.client - [080037cb-6fd6-4586-9ad5-3531599b24a1] Try to connect to server on start up, server: {serverIp = '127.0.0.1', server main port = 8848}
2024-11-20 14:36:24.483 [main] INFO  c.a.nacos.common.remote.client.grpc.GrpcClient - grpc client connection server:127.0.0.1 ip,serverPort:9848,grpcTslConfig:{"sslProvider":"OPENSSL","enableTls":false,"mutualAuthEnable":false,"trustAll":false}
2024-11-20 14:36:26.861 [main] INFO  com.alibaba.nacos.common.remote.client - [080037cb-6fd6-4586-9ad5-3531599b24a1] Success to connect to server [127.0.0.1:8848] on start up, connectionId = 1732084586461_172.17.0.1_59466
2024-11-20 14:36:26.864 [com.alibaba.nacos.client.remote.worker] INFO  com.alibaba.nacos.common.remote.client - [080037cb-6fd6-4586-9ad5-3531599b24a1] Notify connected event to listeners.
2024-11-20 14:36:26.865 [com.alibaba.nacos.client.remote.worker] INFO  com.alibaba.nacos.client.naming - Grpc connection connect
2024-11-20 14:36:26.865 [main] INFO  com.alibaba.nacos.common.remote.client - [080037cb-6fd6-4586-9ad5-3531599b24a1] Register server push request handler:com.alibaba.nacos.common.remote.client.RpcClient$ConnectResetRequestHandler
2024-11-20 14:36:26.866 [main] INFO  com.alibaba.nacos.common.remote.client - [080037cb-6fd6-4586-9ad5-3531599b24a1] Register server push request handler:com.alibaba.nacos.common.remote.client.RpcClient$$Lambda$1493/0x000001e98f8b0890
2024-11-20 14:36:26.868 [main] INFO  com.alibaba.nacos.client.naming - [REGISTER-SERVICE] airrowing registering service airrowing-kv with instance Instance{instanceId='null', ip='192.168.81.1', port=7084, weight=1.0, healthy=true, enabled=true, ephemeral=true, clusterName='DEFAULT', serviceName='null', metadata={IPv6=[2001:da8:8002:6bd1:e0c8:dcb8:2421:d87e], preserved.register.source=SPRING_CLOUD}}
2024-11-20 14:36:27.427 [com.alibaba.nacos.client.naming.grpc.redo.0] INFO  com.alibaba.nacos.client.naming - Redo instance operation REGISTER for DEFAULT_GROUP@@airrowing-kv
2024-11-20 14:36:27.539 [main] INFO  c.a.cloud.nacos.registry.NacosServiceRegistry - nacos registry, DEFAULT_GROUP airrowing-kv 192.168.81.1:7084 register finished
2024-11-20 14:36:29.017 [main] INFO  org.springframework.cloud.commons.util.InetUtils - Cannot determine local hostname
2024-11-20 14:36:29.040 [main] INFO  c.t.airrowing.kv.biz.AirrowingKVBizApplication - Started AirrowingKVBizApplication in 16.569 seconds (process running for 22.682)
2024-11-20 14:41:38.704 [Thread-24] WARN  c.alibaba.nacos.common.http.HttpClientBeanHolder - [HttpClientBeanHolder] Start destroying common HttpClient
2024-11-20 14:41:38.704 [Thread-21] WARN  com.alibaba.nacos.common.notify.NotifyCenter - [NotifyCenter] Start destroying Publisher
2024-11-20 14:41:38.705 [Thread-21] WARN  com.alibaba.nacos.common.notify.NotifyCenter - [NotifyCenter] Destruction of the end
2024-11-20 14:41:38.705 [Thread-24] WARN  c.alibaba.nacos.common.http.HttpClientBeanHolder - [HttpClientBeanHolder] Destruction of the end
2024-11-20 14:41:40.806 [SpringApplicationShutdownHook] INFO  c.a.cloud.nacos.registry.NacosServiceRegistry - De-registering from Nacos Server now...
2024-11-20 14:41:40.806 [SpringApplicationShutdownHook] INFO  com.alibaba.nacos.client.naming - [DEREGISTER-SERVICE] airrowing deregistering service airrowing-kv with instance: Instance{instanceId='null', ip='192.168.81.1', port=7084, weight=1.0, healthy=true, enabled=true, ephemeral=true, clusterName='DEFAULT', serviceName='null', metadata={}}
2024-11-20 14:41:40.812 [SpringApplicationShutdownHook] INFO  c.a.cloud.nacos.registry.NacosServiceRegistry - De-registration finished.
2024-11-20 14:41:40.813 [SpringApplicationShutdownHook] INFO  com.alibaba.nacos.client.naming - com.alibaba.nacos.client.naming.cache.ServiceInfoHolder do shutdown begin
2024-11-20 14:41:40.813 [SpringApplicationShutdownHook] INFO  com.alibaba.nacos.client.naming - com.alibaba.nacos.client.naming.backups.FailoverReactor do shutdown begin
2024-11-20 14:41:40.813 [SpringApplicationShutdownHook] INFO  com.alibaba.nacos.client.naming - com.alibaba.nacos.client.naming.backups.FailoverReactor do shutdown stop
2024-11-20 14:41:40.813 [SpringApplicationShutdownHook] INFO  com.alibaba.nacos.client.naming - com.alibaba.nacos.client.naming.cache.ServiceInfoHolder do shutdown stop
2024-11-20 14:41:40.813 [SpringApplicationShutdownHook] INFO  com.alibaba.nacos.client.naming - com.alibaba.nacos.client.naming.remote.NamingClientProxyDelegate do shutdown begin
2024-11-20 14:41:40.813 [SpringApplicationShutdownHook] INFO  com.alibaba.nacos.client.naming - com.alibaba.nacos.client.naming.core.ServiceInfoUpdateService do shutdown begin
2024-11-20 14:41:40.813 [SpringApplicationShutdownHook] INFO  com.alibaba.nacos.client.naming - com.alibaba.nacos.client.naming.core.ServiceInfoUpdateService do shutdown stop
2024-11-20 14:41:40.813 [SpringApplicationShutdownHook] INFO  com.alibaba.nacos.client.naming - com.alibaba.nacos.client.naming.core.ServerListManager do shutdown begin
2024-11-20 14:41:40.814 [SpringApplicationShutdownHook] WARN  com.alibaba.nacos.client.naming - [NamingHttpClientManager] Start destroying NacosRestTemplate
2024-11-20 14:41:40.814 [SpringApplicationShutdownHook] WARN  com.alibaba.nacos.client.naming - [NamingHttpClientManager] Destruction of the end
2024-11-20 14:41:40.814 [SpringApplicationShutdownHook] INFO  com.alibaba.nacos.client.naming - com.alibaba.nacos.client.naming.core.ServerListManager do shutdown stop
2024-11-20 14:41:40.814 [SpringApplicationShutdownHook] INFO  com.alibaba.nacos.client.naming - com.alibaba.nacos.client.naming.remote.http.NamingHttpClientProxy do shutdown begin
2024-11-20 14:41:40.814 [SpringApplicationShutdownHook] WARN  com.alibaba.nacos.client.naming - [NamingHttpClientManager] Start destroying NacosRestTemplate
2024-11-20 14:41:40.815 [SpringApplicationShutdownHook] WARN  com.alibaba.nacos.client.naming - [NamingHttpClientManager] Destruction of the end
2024-11-20 14:41:40.815 [SpringApplicationShutdownHook] INFO  com.alibaba.nacos.client.naming - com.alibaba.nacos.client.naming.remote.http.NamingHttpClientProxy do shutdown stop
2024-11-20 14:41:40.815 [SpringApplicationShutdownHook] INFO  com.alibaba.nacos.common.remote.client - Shutdown rpc client, set status to shutdown
2024-11-20 14:41:40.815 [SpringApplicationShutdownHook] INFO  com.alibaba.nacos.common.remote.client - Shutdown client event executor java.util.concurrent.ScheduledThreadPoolExecutor@47411d05[Running, pool size = 2, active threads = 2, queued tasks = 0, completed tasks = 0]
2024-11-20 14:41:40.815 [SpringApplicationShutdownHook] INFO  com.alibaba.nacos.common.remote.client - Close current connection 1732084586461_172.17.0.1_59466
2024-11-20 14:41:40.819 [nacos-grpc-client-executor-127.0.0.1-78] INFO  c.a.nacos.common.remote.client.grpc.GrpcClient - [1732084586461_172.17.0.1_59466]Ignore complete event,isRunning:false,isAbandon=false
2024-11-20 14:41:40.821 [SpringApplicationShutdownHook] INFO  c.a.nacos.common.remote.client.grpc.GrpcClient - Shutdown grpc executor java.util.concurrent.ThreadPoolExecutor@37c316ac[Running, pool size = 4, active threads = 0, queued tasks = 0, completed tasks = 79]
2024-11-20 14:41:40.821 [SpringApplicationShutdownHook] INFO  com.alibaba.nacos.client.naming - Shutdown grpc redo service executor java.util.concurrent.ScheduledThreadPoolExecutor@767e776d[Running, pool size = 1, active threads = 0, queued tasks = 1, completed tasks = 101]
2024-11-20 14:41:40.821 [SpringApplicationShutdownHook] INFO  c.a.n.client.auth.ram.identify.CredentialWatcher - [null] CredentialWatcher is stopped
2024-11-20 14:41:40.821 [SpringApplicationShutdownHook] INFO  c.a.n.client.auth.ram.identify.CredentialService - [null] CredentialService is freed
2024-11-20 14:41:40.821 [SpringApplicationShutdownHook] INFO  com.alibaba.nacos.client.naming - com.alibaba.nacos.client.naming.remote.NamingClientProxyDelegate do shutdown stop
