2025-04-02 17:14:14.255 [main] WARN  com.alibaba.nacos.client.logging.NacosLogging - Load Logback Configuration of Nacos fail, message: Could not initialize Logback Nacos logging from classpath:nacos-logback.xml
2025-04-02 17:14:14.279 [main] WARN  com.alibaba.nacos.client.logging.NacosLogging - Load Logback Configuration of Nacos fail, message: Could not initialize Logback Nacos logging from classpath:nacos-logback.xml
2025-04-02 17:14:14.389 [main] WARN  com.alibaba.nacos.client.logging.NacosLogging - Load Logback Configuration of Nacos fail, message: Could not initialize Logback Nacos logging from classpath:nacos-logback.xml
2025-04-02 17:14:14.394 [main] WARN  com.alibaba.nacos.client.logging.NacosLogging - Load Logback Configuration of Nacos fail, message: Could not initialize Logback Nacos logging from classpath:nacos-logback.xml
2025-04-02 17:14:14.394 [main] INFO  c.t.airrowing.kv.biz.AirrowingKVBizApplication - The following 1 profile is active: "dev"
2025-04-02 17:14:14.568 [main] INFO  o.s.d.r.config.RepositoryConfigurationDelegate - Bootstrapping Spring Data Reactive Cassandra repositories in DEFAULT mode.
2025-04-02 17:14:14.612 [main] INFO  o.s.d.r.config.RepositoryConfigurationDelegate - Finished Spring Data repository scanning in 42 ms. Found 0 Reactive Cassandra repository interfaces.
2025-04-02 17:14:14.614 [main] INFO  o.s.d.r.config.RepositoryConfigurationDelegate - Bootstrapping Spring Data Cassandra repositories in DEFAULT mode.
2025-04-02 17:14:14.623 [main] INFO  o.s.d.r.config.RepositoryConfigurationDelegate - Finished Spring Data repository scanning in 8 ms. Found 1 Cassandra repository interfaces.
2025-04-02 17:14:14.693 [main] INFO  o.springframework.cloud.context.scope.GenericScope - BeanFactory id=d6f700e1-8f09-3791-a90a-e391eb9b2913
2025-04-02 17:14:14.855 [main] INFO  o.s.boot.web.embedded.tomcat.TomcatWebServer - Tomcat initialized with port(s): 7084 (http)
2025-04-02 17:14:14.858 [main] INFO  org.apache.catalina.core.StandardService - Starting service [Tomcat]
2025-04-02 17:14:14.858 [main] INFO  org.apache.catalina.core.StandardEngine - Starting Servlet engine: [Apache Tomcat/10.1.5]
2025-04-02 17:14:14.895 [main] INFO  o.a.c.core.ContainerBase.[Tomcat].[localhost].[/] - Initializing Spring embedded WebApplicationContext
2025-04-02 17:14:14.896 [main] INFO  o.s.b.w.s.c.ServletWebServerApplicationContext - Root WebApplicationContext: initialization completed in 497 ms
2025-04-02 17:14:15.016 [main] INFO  c.d.o.driver.internal.core.DefaultMavenCoordinates - DataStax Java driver for Apache Cassandra(R) (com.datastax.oss:java-driver-core) version 4.15.0
2025-04-02 17:14:15.565 [s0-admin-0] INFO  com.datastax.oss.driver.internal.core.time.Clock - Using native clock for microsecond precision
2025-04-02 17:14:17.240 [s1-admin-0] INFO  com.datastax.oss.driver.internal.core.time.Clock - Using native clock for microsecond precision
2025-04-02 17:14:18.962 [main] WARN  o.s.c.l.c.LoadBalancerCacheAutoConfiguration$LoadBalancerCaffeineWarnLogger - Spring Cloud LoadBalancer is currently working with the default cache. While this cache implementation is useful for development and tests, it's recommended to use Caffeine cache in production.You can switch to using Caffeine cache, by adding it and org.springframework.cache.caffeine.CaffeineCacheManager to the classpath.
2025-04-02 17:14:18.982 [main] INFO  o.s.boot.web.embedded.tomcat.TomcatWebServer - Tomcat started on port(s): 7084 (http) with context path ''
2025-04-02 17:14:18.984 [main] WARN  com.alibaba.nacos.client.logging.NacosLogging - Load Logback Configuration of Nacos fail, message: Could not initialize Logback Nacos logging from classpath:nacos-logback.xml
2025-04-02 17:14:18.984 [main] INFO  com.alibaba.nacos.client.naming - initializer namespace from ans.namespace attribute : null
2025-04-02 17:14:18.984 [main] INFO  com.alibaba.nacos.client.naming - initializer namespace from ALIBABA_ALIWARE_NAMESPACE attribute :null
2025-04-02 17:14:18.984 [main] INFO  com.alibaba.nacos.client.naming - initializer namespace from namespace attribute :null
2025-04-02 17:14:18.991 [main] INFO  com.alibaba.nacos.client.utils.ParamUtil - [settings] [req-serv] nacos-server port:8848
2025-04-02 17:14:18.991 [main] INFO  com.alibaba.nacos.client.utils.ParamUtil - [settings] [http-client] connect timeout:1000
2025-04-02 17:14:18.991 [main] INFO  com.alibaba.nacos.client.utils.ParamUtil - PER_TASK_CONFIG_SIZE: 3000.0
2025-04-02 17:14:18.992 [main] INFO  c.a.n.p.auth.spi.client.ClientAuthPluginManager - [ClientAuthPluginManager] Load ClientAuthService com.alibaba.nacos.client.auth.impl.NacosClientAuthServiceImpl success.
2025-04-02 17:14:18.992 [main] INFO  c.a.n.p.auth.spi.client.ClientAuthPluginManager - [ClientAuthPluginManager] Load ClientAuthService com.alibaba.nacos.client.auth.ram.RamClientAuthServiceImpl success.
2025-04-02 17:14:19.010 [main] INFO  c.a.n.client.auth.ram.identify.CredentialWatcher - null No credential found
2025-04-02 17:14:19.013 [main] INFO  com.alibaba.nacos.common.remote.client - [RpcClientFactory] create a new rpc client of f4eb9e7b-7cf2-43b0-a76f-3fcbdacc5fe8
2025-04-02 17:14:19.019 [main] INFO  com.alibaba.nacos.common.remote.client - [f4eb9e7b-7cf2-43b0-a76f-3fcbdacc5fe8] RpcClient init, ServerListFactory = com.alibaba.nacos.client.naming.core.ServerListManager
2025-04-02 17:14:19.019 [main] INFO  com.alibaba.nacos.common.remote.client - [f4eb9e7b-7cf2-43b0-a76f-3fcbdacc5fe8] Registry connection listener to current client:com.alibaba.nacos.client.naming.remote.gprc.redo.NamingGrpcRedoService
2025-04-02 17:14:19.019 [main] INFO  com.alibaba.nacos.common.remote.client - [f4eb9e7b-7cf2-43b0-a76f-3fcbdacc5fe8] Register server push request handler:com.alibaba.nacos.client.naming.remote.gprc.NamingPushRequestHandler
2025-04-02 17:14:19.020 [main] INFO  com.alibaba.nacos.common.remote.client - [f4eb9e7b-7cf2-43b0-a76f-3fcbdacc5fe8] Try to connect to server on start up, server: {serverIp = '117.72.111.42', server main port = 8848}
2025-04-02 17:14:19.029 [main] INFO  c.a.nacos.common.remote.client.grpc.GrpcClient - grpc client connection server:117.72.111.42 ip,serverPort:9848,grpcTslConfig:{"sslProvider":"OPENSSL","enableTls":false,"mutualAuthEnable":false,"trustAll":false}
2025-04-02 17:14:19.430 [main] INFO  com.alibaba.nacos.common.remote.client - [f4eb9e7b-7cf2-43b0-a76f-3fcbdacc5fe8] Success to connect to server [117.72.111.42:8848] on start up, connectionId = 1743585259258_111.187.7.50_25813
2025-04-02 17:14:19.431 [com.alibaba.nacos.client.remote.worker] INFO  com.alibaba.nacos.common.remote.client - [f4eb9e7b-7cf2-43b0-a76f-3fcbdacc5fe8] Notify connected event to listeners.
2025-04-02 17:14:19.431 [com.alibaba.nacos.client.remote.worker] INFO  com.alibaba.nacos.client.naming - Grpc connection connect
2025-04-02 17:14:19.431 [main] INFO  com.alibaba.nacos.common.remote.client - [f4eb9e7b-7cf2-43b0-a76f-3fcbdacc5fe8] Register server push request handler:com.alibaba.nacos.common.remote.client.RpcClient$ConnectResetRequestHandler
2025-04-02 17:14:19.431 [main] INFO  com.alibaba.nacos.common.remote.client - [f4eb9e7b-7cf2-43b0-a76f-3fcbdacc5fe8] Register server push request handler:com.alibaba.nacos.common.remote.client.RpcClient$$Lambda$1504/0x000000b00191b670
2025-04-02 17:14:19.432 [main] INFO  com.alibaba.nacos.client.naming - [REGISTER-SERVICE] airrowing registering service airrowing-kv with instance Instance{instanceId='null', ip='100.79.42.125', port=7084, weight=1.0, healthy=true, enabled=true, ephemeral=true, clusterName='DEFAULT', serviceName='null', metadata={IPv6=[2001:da8:8002:1bd1:41be:6f47:7b42:9530], preserved.register.source=SPRING_CLOUD}}
2025-04-02 17:14:19.474 [main] INFO  c.a.cloud.nacos.registry.NacosServiceRegistry - nacos registry, DEFAULT_GROUP airrowing-kv 100.79.42.125:7084 register finished
2025-04-02 17:14:19.484 [main] INFO  c.t.airrowing.kv.biz.AirrowingKVBizApplication - Started AirrowingKVBizApplication in 5.473 seconds (process running for 5.696)
2025-04-02 17:14:42.943 [Thread-24] WARN  c.alibaba.nacos.common.http.HttpClientBeanHolder - [HttpClientBeanHolder] Start destroying common HttpClient
2025-04-02 17:14:42.943 [Thread-21] WARN  com.alibaba.nacos.common.notify.NotifyCenter - [NotifyCenter] Start destroying Publisher
2025-04-02 17:14:42.943 [Thread-21] WARN  com.alibaba.nacos.common.notify.NotifyCenter - [NotifyCenter] Destruction of the end
2025-04-02 17:14:42.944 [Thread-24] WARN  c.alibaba.nacos.common.http.HttpClientBeanHolder - [HttpClientBeanHolder] Destruction of the end
2025-04-02 17:14:46.055 [SpringApplicationShutdownHook] INFO  c.a.cloud.nacos.registry.NacosServiceRegistry - De-registering from Nacos Server now...
2025-04-02 17:14:46.055 [SpringApplicationShutdownHook] INFO  com.alibaba.nacos.client.naming - [DEREGISTER-SERVICE] airrowing deregistering service airrowing-kv with instance: Instance{instanceId='null', ip='100.79.42.125', port=7084, weight=1.0, healthy=true, enabled=true, ephemeral=true, clusterName='DEFAULT', serviceName='null', metadata={}}
2025-04-02 17:14:46.108 [SpringApplicationShutdownHook] INFO  c.a.cloud.nacos.registry.NacosServiceRegistry - De-registration finished.
2025-04-02 17:14:46.109 [SpringApplicationShutdownHook] INFO  com.alibaba.nacos.client.naming - com.alibaba.nacos.client.naming.cache.ServiceInfoHolder do shutdown begin
2025-04-02 17:14:46.109 [SpringApplicationShutdownHook] INFO  com.alibaba.nacos.client.naming - com.alibaba.nacos.client.naming.backups.FailoverReactor do shutdown begin
2025-04-02 17:14:46.109 [SpringApplicationShutdownHook] INFO  com.alibaba.nacos.client.naming - com.alibaba.nacos.client.naming.backups.FailoverReactor do shutdown stop
2025-04-02 17:14:46.109 [SpringApplicationShutdownHook] INFO  com.alibaba.nacos.client.naming - com.alibaba.nacos.client.naming.cache.ServiceInfoHolder do shutdown stop
2025-04-02 17:14:46.110 [SpringApplicationShutdownHook] INFO  com.alibaba.nacos.client.naming - com.alibaba.nacos.client.naming.remote.NamingClientProxyDelegate do shutdown begin
2025-04-02 17:14:46.110 [SpringApplicationShutdownHook] INFO  com.alibaba.nacos.client.naming - com.alibaba.nacos.client.naming.core.ServiceInfoUpdateService do shutdown begin
2025-04-02 17:14:46.110 [SpringApplicationShutdownHook] INFO  com.alibaba.nacos.client.naming - com.alibaba.nacos.client.naming.core.ServiceInfoUpdateService do shutdown stop
2025-04-02 17:14:46.110 [SpringApplicationShutdownHook] INFO  com.alibaba.nacos.client.naming - com.alibaba.nacos.client.naming.core.ServerListManager do shutdown begin
2025-04-02 17:14:46.110 [SpringApplicationShutdownHook] WARN  com.alibaba.nacos.client.naming - [NamingHttpClientManager] Start destroying NacosRestTemplate
2025-04-02 17:14:46.110 [SpringApplicationShutdownHook] WARN  com.alibaba.nacos.client.naming - [NamingHttpClientManager] Destruction of the end
2025-04-02 17:14:46.110 [SpringApplicationShutdownHook] INFO  com.alibaba.nacos.client.naming - com.alibaba.nacos.client.naming.core.ServerListManager do shutdown stop
2025-04-02 17:14:46.110 [SpringApplicationShutdownHook] INFO  com.alibaba.nacos.client.naming - com.alibaba.nacos.client.naming.remote.http.NamingHttpClientProxy do shutdown begin
2025-04-02 17:14:46.110 [SpringApplicationShutdownHook] WARN  com.alibaba.nacos.client.naming - [NamingHttpClientManager] Start destroying NacosRestTemplate
2025-04-02 17:14:46.110 [SpringApplicationShutdownHook] WARN  com.alibaba.nacos.client.naming - [NamingHttpClientManager] Destruction of the end
2025-04-02 17:14:46.110 [SpringApplicationShutdownHook] INFO  com.alibaba.nacos.client.naming - com.alibaba.nacos.client.naming.remote.http.NamingHttpClientProxy do shutdown stop
2025-04-02 17:14:46.110 [SpringApplicationShutdownHook] INFO  com.alibaba.nacos.common.remote.client - Shutdown rpc client, set status to shutdown
2025-04-02 17:14:46.110 [SpringApplicationShutdownHook] INFO  com.alibaba.nacos.common.remote.client - Shutdown client event executor java.util.concurrent.ScheduledThreadPoolExecutor@7603ab98[Running, pool size = 2, active threads = 2, queued tasks = 0, completed tasks = 0]
2025-04-02 17:14:46.110 [SpringApplicationShutdownHook] INFO  com.alibaba.nacos.common.remote.client - Close current connection 1743585259258_111.187.7.50_25813
2025-04-02 17:14:46.114 [nacos-grpc-client-executor-117.72.111.42-25] WARN  c.a.nacos.common.remote.client.grpc.GrpcClient - [1743585259258_111.187.7.50_25813]Ignore error event,isRunning:false,isAbandon=false
2025-04-02 17:14:46.115 [SpringApplicationShutdownHook] INFO  c.a.nacos.common.remote.client.grpc.GrpcClient - Shutdown grpc executor java.util.concurrent.ThreadPoolExecutor@494dca14[Running, pool size = 10, active threads = 0, queued tasks = 0, completed tasks = 26]
2025-04-02 17:14:46.116 [SpringApplicationShutdownHook] INFO  com.alibaba.nacos.client.naming - Shutdown grpc redo service executor java.util.concurrent.ScheduledThreadPoolExecutor@54445a6e[Running, pool size = 1, active threads = 0, queued tasks = 1, completed tasks = 9]
2025-04-02 17:14:46.116 [SpringApplicationShutdownHook] INFO  c.a.n.client.auth.ram.identify.CredentialWatcher - [null] CredentialWatcher is stopped
2025-04-02 17:14:46.116 [SpringApplicationShutdownHook] INFO  c.a.n.client.auth.ram.identify.CredentialService - [null] CredentialService is freed
2025-04-02 17:14:46.116 [SpringApplicationShutdownHook] INFO  com.alibaba.nacos.client.naming - com.alibaba.nacos.client.naming.remote.NamingClientProxyDelegate do shutdown stop
