2025-05-17 11:57:34.155 [main] WARN  com.alibaba.nacos.client.logging.NacosLogging - Load Logback Configuration of Nacos fail, message: Could not initialize Logback Nacos logging from classpath:nacos-logback.xml
2025-05-17 11:57:34.189 [main] WARN  com.alibaba.nacos.client.logging.NacosLogging - Load Logback Configuration of Nacos fail, message: Could not initialize Logback Nacos logging from classpath:nacos-logback.xml
2025-05-17 11:57:34.411 [main] WARN  com.alibaba.nacos.client.logging.NacosLogging - Load Logback Configuration of Nacos fail, message: Could not initialize Logback Nacos logging from classpath:nacos-logback.xml
2025-05-17 11:57:34.421 [main] WARN  com.alibaba.nacos.client.logging.NacosLogging - Load Logback Configuration of Nacos fail, message: Could not initialize Logback Nacos logging from classpath:nacos-logback.xml
2025-05-17 11:57:34.421 [main] INFO  c.t.airrowing.user.biz.AirrowingUserBizApplication - The following 1 profile is active: "dev"
2025-05-17 11:57:34.796 [main] INFO  o.s.d.r.config.RepositoryConfigurationDelegate - Multiple Spring Data modules found, entering strict repository configuration mode
2025-05-17 11:57:34.797 [main] INFO  o.s.d.r.config.RepositoryConfigurationDelegate - Bootstrapping Spring Data Redis repositories in DEFAULT mode.
2025-05-17 11:57:34.824 [main] INFO  o.s.d.r.config.RepositoryConfigurationDelegate - Finished Spring Data repository scanning in 9 ms. Found 0 Redis repository interfaces.
2025-05-17 11:57:34.954 [main] INFO  o.springframework.cloud.context.scope.GenericScope - BeanFactory id=b77f7063-95b3-3068-b9c5-f43b3e0187e3
2025-05-17 11:57:34.981 [main] INFO  o.s.c.s.PostProcessorRegistrationDelegate$BeanPostProcessorChecker - Bean 'com.tongji.airrowing.distributed.id.generator.api.DistributedIdGeneratorFeignApi' of type [org.springframework.cloud.openfeign.FeignClientFactoryBean] is not eligible for getting processed by all BeanPostProcessors (for example: not eligible for auto-proxying)
2025-05-17 11:57:34.982 [main] INFO  o.s.c.s.PostProcessorRegistrationDelegate$BeanPostProcessorChecker - Bean 'com.tongji.airrowing.oss.api.FileFeignApi' of type [org.springframework.cloud.openfeign.FeignClientFactoryBean] is not eligible for getting processed by all BeanPostProcessors (for example: not eligible for auto-proxying)
2025-05-17 11:57:34.983 [main] INFO  o.s.c.s.PostProcessorRegistrationDelegate$BeanPostProcessorChecker - Bean 'com.tongji.airrowing.user.api.UserFeignApi' of type [org.springframework.cloud.openfeign.FeignClientFactoryBean] is not eligible for getting processed by all BeanPostProcessors (for example: not eligible for auto-proxying)
2025-05-17 11:57:35.268 [main] INFO  o.s.boot.web.embedded.tomcat.TomcatWebServer - Tomcat initialized with port(s): 7082 (http)
2025-05-17 11:57:35.272 [main] INFO  org.apache.catalina.core.StandardService - Starting service [Tomcat]
2025-05-17 11:57:35.272 [main] INFO  org.apache.catalina.core.StandardEngine - Starting Servlet engine: [Apache Tomcat/10.1.5]
2025-05-17 11:57:35.315 [main] INFO  o.a.c.core.ContainerBase.[Tomcat].[localhost].[/] - Initializing Spring embedded WebApplicationContext
2025-05-17 11:57:35.315 [main] INFO  o.s.b.w.s.c.ServletWebServerApplicationContext - Root WebApplicationContext: initialization completed in 885 ms
2025-05-17 11:57:35.392 [main] INFO  c.a.d.s.b.a.DruidDataSourceAutoConfigure - Init DruidDataSource
2025-05-17 11:57:41.149 [main] INFO  com.alibaba.druid.pool.DruidDataSource - {dataSource-1} inited
2025-05-17 11:57:41.333 [main] INFO  o.s.cloud.openfeign.FeignClientFactoryBean - For 'airrowing-oss' URL not provided. Will try picking an instance via load-balancing.
2025-05-17 11:57:41.452 [main] INFO  o.s.cloud.openfeign.FeignClientFactoryBean - For 'airrowing-distributed-id-generator' URL not provided. Will try picking an instance via load-balancing.
2025-05-17 11:57:41.637 [main] INFO  o.s.boot.web.embedded.tomcat.TomcatWebServer - Tomcat started on port(s): 7082 (http) with context path ''
2025-05-17 11:57:41.639 [main] WARN  com.alibaba.nacos.client.logging.NacosLogging - Load Logback Configuration of Nacos fail, message: Could not initialize Logback Nacos logging from classpath:nacos-logback.xml
2025-05-17 11:57:41.639 [main] INFO  com.alibaba.nacos.client.naming - initializer namespace from ans.namespace attribute : null
2025-05-17 11:57:41.639 [main] INFO  com.alibaba.nacos.client.naming - initializer namespace from ALIBABA_ALIWARE_NAMESPACE attribute :null
2025-05-17 11:57:41.639 [main] INFO  com.alibaba.nacos.client.naming - initializer namespace from namespace attribute :null
2025-05-17 11:57:41.646 [main] INFO  com.alibaba.nacos.client.utils.ParamUtil - [settings] [req-serv] nacos-server port:8848
2025-05-17 11:57:41.646 [main] INFO  com.alibaba.nacos.client.utils.ParamUtil - [settings] [http-client] connect timeout:1000
2025-05-17 11:57:41.646 [main] INFO  com.alibaba.nacos.client.utils.ParamUtil - PER_TASK_CONFIG_SIZE: 3000.0
2025-05-17 11:57:41.647 [main] INFO  c.a.n.p.auth.spi.client.ClientAuthPluginManager - [ClientAuthPluginManager] Load ClientAuthService com.alibaba.nacos.client.auth.impl.NacosClientAuthServiceImpl success.
2025-05-17 11:57:41.647 [main] INFO  c.a.n.p.auth.spi.client.ClientAuthPluginManager - [ClientAuthPluginManager] Load ClientAuthService com.alibaba.nacos.client.auth.ram.RamClientAuthServiceImpl success.
2025-05-17 11:57:41.674 [main] INFO  c.a.n.client.auth.ram.identify.CredentialWatcher - null No credential found
2025-05-17 11:57:41.678 [main] INFO  com.alibaba.nacos.common.remote.client - [RpcClientFactory] create a new rpc client of c61f7ae3-6892-48b3-911e-d57b12aaa6f0
2025-05-17 11:57:41.683 [main] INFO  com.alibaba.nacos.common.remote.client - [c61f7ae3-6892-48b3-911e-d57b12aaa6f0] RpcClient init, ServerListFactory = com.alibaba.nacos.client.naming.core.ServerListManager
2025-05-17 11:57:41.684 [main] INFO  com.alibaba.nacos.common.remote.client - [c61f7ae3-6892-48b3-911e-d57b12aaa6f0] Registry connection listener to current client:com.alibaba.nacos.client.naming.remote.gprc.redo.NamingGrpcRedoService
2025-05-17 11:57:41.684 [main] INFO  com.alibaba.nacos.common.remote.client - [c61f7ae3-6892-48b3-911e-d57b12aaa6f0] Register server push request handler:com.alibaba.nacos.client.naming.remote.gprc.NamingPushRequestHandler
2025-05-17 11:57:41.684 [main] INFO  com.alibaba.nacos.common.remote.client - [c61f7ae3-6892-48b3-911e-d57b12aaa6f0] Try to connect to server on start up, server: {serverIp = '117.72.111.42', server main port = 8848}
2025-05-17 11:57:41.694 [main] INFO  c.a.nacos.common.remote.client.grpc.GrpcClient - grpc client connection server:117.72.111.42 ip,serverPort:9848,grpcTslConfig:{"sslProvider":"OPENSSL","enableTls":false,"mutualAuthEnable":false,"trustAll":false}
2025-05-17 11:57:42.389 [main] INFO  com.alibaba.nacos.common.remote.client - [c61f7ae3-6892-48b3-911e-d57b12aaa6f0] Success to connect to server [117.72.111.42:8848] on start up, connectionId = 1747454262046_111.187.106.128_34522
2025-05-17 11:57:42.389 [com.alibaba.nacos.client.remote.worker] INFO  com.alibaba.nacos.common.remote.client - [c61f7ae3-6892-48b3-911e-d57b12aaa6f0] Notify connected event to listeners.
2025-05-17 11:57:42.389 [com.alibaba.nacos.client.remote.worker] INFO  com.alibaba.nacos.client.naming - Grpc connection connect
2025-05-17 11:57:42.389 [main] INFO  com.alibaba.nacos.common.remote.client - [c61f7ae3-6892-48b3-911e-d57b12aaa6f0] Register server push request handler:com.alibaba.nacos.common.remote.client.RpcClient$ConnectResetRequestHandler
2025-05-17 11:57:42.390 [main] INFO  com.alibaba.nacos.common.remote.client - [c61f7ae3-6892-48b3-911e-d57b12aaa6f0] Register server push request handler:com.alibaba.nacos.common.remote.client.RpcClient$$Lambda$1259/0x000000050194b118
2025-05-17 11:57:42.390 [main] INFO  com.alibaba.nacos.client.naming - [REGISTER-SERVICE] airrowing registering service airrowing-user with instance Instance{instanceId='null', ip='100.81.163.95', port=7082, weight=1.0, healthy=true, enabled=true, ephemeral=true, clusterName='DEFAULT', serviceName='null', metadata={IPv6=[2001:da8:8002:6bd1:59f3:3f7b:9786:4b2e], preserved.register.source=SPRING_CLOUD}}
2025-05-17 11:57:42.537 [main] INFO  c.a.cloud.nacos.registry.NacosServiceRegistry - nacos registry, DEFAULT_GROUP airrowing-user 100.81.163.95:7082 register finished
2025-05-17 11:57:42.547 [main] INFO  c.t.airrowing.user.biz.AirrowingUserBizApplication - Started AirrowingUserBizApplication in 8.669 seconds (process running for 8.884)
2025-05-17 11:57:42.547 [main] INFO  c.t.a.u.biz.runner.PushRolePermissions2RedisRunner - ==> 服务启动，开始同步角色权限数据到 Redis 中...
2025-05-17 11:57:43.956 [main] INFO  c.t.a.u.biz.runner.PushRolePermissions2RedisRunner - ==> 服务启动，成功同步角色权限数据到 Redis 中...
2025-05-17 12:01:29.715 [Thread-10] WARN  c.alibaba.nacos.common.http.HttpClientBeanHolder - [HttpClientBeanHolder] Start destroying common HttpClient
2025-05-17 12:01:29.715 [Thread-7] WARN  com.alibaba.nacos.common.notify.NotifyCenter - [NotifyCenter] Start destroying Publisher
2025-05-17 12:01:29.717 [Thread-7] WARN  com.alibaba.nacos.common.notify.NotifyCenter - [NotifyCenter] Destruction of the end
2025-05-17 12:01:29.719 [Thread-10] WARN  c.alibaba.nacos.common.http.HttpClientBeanHolder - [HttpClientBeanHolder] Destruction of the end
2025-05-17 12:01:30.770 [SpringApplicationShutdownHook] INFO  c.a.cloud.nacos.registry.NacosServiceRegistry - De-registering from Nacos Server now...
2025-05-17 12:01:30.770 [SpringApplicationShutdownHook] INFO  com.alibaba.nacos.client.naming - [DEREGISTER-SERVICE] airrowing deregistering service airrowing-user with instance: Instance{instanceId='null', ip='100.81.163.95', port=7082, weight=1.0, healthy=true, enabled=true, ephemeral=true, clusterName='DEFAULT', serviceName='null', metadata={}}
2025-05-17 12:01:30.951 [SpringApplicationShutdownHook] INFO  c.a.cloud.nacos.registry.NacosServiceRegistry - De-registration finished.
2025-05-17 12:01:30.952 [SpringApplicationShutdownHook] INFO  com.alibaba.nacos.client.naming - com.alibaba.nacos.client.naming.cache.ServiceInfoHolder do shutdown begin
2025-05-17 12:01:30.952 [SpringApplicationShutdownHook] INFO  com.alibaba.nacos.client.naming - com.alibaba.nacos.client.naming.backups.FailoverReactor do shutdown begin
2025-05-17 12:01:30.952 [SpringApplicationShutdownHook] INFO  com.alibaba.nacos.client.naming - com.alibaba.nacos.client.naming.backups.FailoverReactor do shutdown stop
2025-05-17 12:01:30.952 [SpringApplicationShutdownHook] INFO  com.alibaba.nacos.client.naming - com.alibaba.nacos.client.naming.cache.ServiceInfoHolder do shutdown stop
2025-05-17 12:01:30.952 [SpringApplicationShutdownHook] INFO  com.alibaba.nacos.client.naming - com.alibaba.nacos.client.naming.remote.NamingClientProxyDelegate do shutdown begin
2025-05-17 12:01:30.952 [SpringApplicationShutdownHook] INFO  com.alibaba.nacos.client.naming - com.alibaba.nacos.client.naming.core.ServiceInfoUpdateService do shutdown begin
2025-05-17 12:01:30.952 [SpringApplicationShutdownHook] INFO  com.alibaba.nacos.client.naming - com.alibaba.nacos.client.naming.core.ServiceInfoUpdateService do shutdown stop
2025-05-17 12:01:30.952 [SpringApplicationShutdownHook] INFO  com.alibaba.nacos.client.naming - com.alibaba.nacos.client.naming.core.ServerListManager do shutdown begin
2025-05-17 12:01:30.952 [SpringApplicationShutdownHook] WARN  com.alibaba.nacos.client.naming - [NamingHttpClientManager] Start destroying NacosRestTemplate
2025-05-17 12:01:30.952 [SpringApplicationShutdownHook] WARN  com.alibaba.nacos.client.naming - [NamingHttpClientManager] Destruction of the end
2025-05-17 12:01:30.952 [SpringApplicationShutdownHook] INFO  com.alibaba.nacos.client.naming - com.alibaba.nacos.client.naming.core.ServerListManager do shutdown stop
2025-05-17 12:01:30.952 [SpringApplicationShutdownHook] INFO  com.alibaba.nacos.client.naming - com.alibaba.nacos.client.naming.remote.http.NamingHttpClientProxy do shutdown begin
2025-05-17 12:01:30.952 [SpringApplicationShutdownHook] WARN  com.alibaba.nacos.client.naming - [NamingHttpClientManager] Start destroying NacosRestTemplate
2025-05-17 12:01:30.952 [SpringApplicationShutdownHook] WARN  com.alibaba.nacos.client.naming - [NamingHttpClientManager] Destruction of the end
2025-05-17 12:01:30.952 [SpringApplicationShutdownHook] INFO  com.alibaba.nacos.client.naming - com.alibaba.nacos.client.naming.remote.http.NamingHttpClientProxy do shutdown stop
2025-05-17 12:01:30.952 [SpringApplicationShutdownHook] INFO  com.alibaba.nacos.common.remote.client - Shutdown rpc client, set status to shutdown
2025-05-17 12:01:30.952 [SpringApplicationShutdownHook] INFO  com.alibaba.nacos.common.remote.client - Shutdown client event executor java.util.concurrent.ScheduledThreadPoolExecutor@5b2e02a2[Running, pool size = 2, active threads = 2, queued tasks = 0, completed tasks = 0]
2025-05-17 12:01:30.952 [SpringApplicationShutdownHook] INFO  com.alibaba.nacos.common.remote.client - Close current connection 1747454262046_111.187.106.128_34522
2025-05-17 12:01:30.953 [nacos-grpc-client-executor-117.72.111.42-108] WARN  c.a.nacos.common.remote.client.grpc.GrpcClient - [1747454262046_111.187.106.128_34522]Ignore error event,isRunning:false,isAbandon=false
2025-05-17 12:01:30.954 [SpringApplicationShutdownHook] INFO  c.a.nacos.common.remote.client.grpc.GrpcClient - Shutdown grpc executor java.util.concurrent.ThreadPoolExecutor@6a66f0b1[Running, pool size = 7, active threads = 0, queued tasks = 0, completed tasks = 109]
2025-05-17 12:01:30.954 [SpringApplicationShutdownHook] INFO  com.alibaba.nacos.client.naming - Shutdown grpc redo service executor java.util.concurrent.ScheduledThreadPoolExecutor@50cf201a[Running, pool size = 1, active threads = 0, queued tasks = 1, completed tasks = 76]
2025-05-17 12:01:30.954 [SpringApplicationShutdownHook] INFO  c.a.n.client.auth.ram.identify.CredentialWatcher - [null] CredentialWatcher is stopped
2025-05-17 12:01:30.954 [SpringApplicationShutdownHook] INFO  c.a.n.client.auth.ram.identify.CredentialService - [null] CredentialService is freed
2025-05-17 12:01:30.954 [SpringApplicationShutdownHook] INFO  com.alibaba.nacos.client.naming - com.alibaba.nacos.client.naming.remote.NamingClientProxyDelegate do shutdown stop
2025-05-17 12:01:31.071 [SpringApplicationShutdownHook] INFO  com.alibaba.druid.pool.DruidDataSource - {dataSource-1} closing ...
2025-05-17 12:01:31.075 [SpringApplicationShutdownHook] INFO  com.alibaba.druid.pool.DruidDataSource - {dataSource-1} closed
